<?xml version="1.0" encoding="UTF-8" standalone="no"?>
<testsuite errors="0" failures="16" name="io.cucumber.core.plugin.JUnitFormatter" skipped="0" tests="112" time="718.68">
<testcase classname="US_01 success register with valid credentials" name="TC_0101 gecerli SSN test" time="13.034">
<system-out><![CDATA[Given Kullanici bir user olarak gmibank anasayfasina gider..................passed
And Kullanici bir user olarak sag ust kosede bulunan insan simgesine tiklar.passed
And Kullanici bir user olarak acilan menuden register linkine tiklar........passed
Given Kullanici bir user olarak SSN textboxina "333-22-4444" numarasini girer.passed
Then Kullanici bir user olarak SSN textboxinin bir hata uyarisi vermedigini goruntuler.passed
]]></system-out>
</testcase>
<testcase classname="US_01 success register with valid credentials" name="TC_0102 gecersiz SSN test" time="1.585">
<system-out><![CDATA[Given Kullanici bir user olarak gmibank anasayfasina gider..................passed
And Kullanici bir user olarak sag ust kosede bulunan insan simgesine tiklar.passed
And Kullanici bir user olarak acilan menuden register linkine tiklar........passed
Given Kullanici bir user olarak SSN textboxina gecersiz  "333-22-44445" numarasini girer.passed
Then Kullanici bir user olarak "Your SSN is invalid" hata mesajini goruntuler.passed
]]></system-out>
</testcase>
<testcase classname="US_01 success register with valid credentials" name="TC_0102 gecersiz SSN test 2" time="1.434">
<system-out><![CDATA[Given Kullanici bir user olarak gmibank anasayfasina gider..................passed
And Kullanici bir user olarak sag ust kosede bulunan insan simgesine tiklar.passed
And Kullanici bir user olarak acilan menuden register linkine tiklar........passed
Given Kullanici bir user olarak SSN textboxina gecersiz  "333-22-443" numarasini girer.passed
Then Kullanici bir user olarak "Your SSN is invalid" hata mesajini goruntuler.passed
]]></system-out>
</testcase>
<testcase classname="US_01 success register with valid credentials" name="TC_0103  gecerli first name positive test" time="1.311">
<system-out><![CDATA[Given Kullanici bir user olarak gmibank anasayfasina gider..................passed
And Kullanici bir user olarak sag ust kosede bulunan insan simgesine tiklar.passed
And Kullanici bir user olarak acilan menuden register linkine tiklar........passed
Given Kullanici bir user olarak First Name textboxina "Ali" ismini girer....passed
Then Kullanici bir user olarak First Name textboxinin bir hata uyarisi vermedigini goruntuler.passed
]]></system-out>
</testcase>
<testcase classname="US_01 success register with valid credentials" name="TC_0104 bos first name negative test" time="1.207">
<system-out><![CDATA[Given Kullanici bir user olarak gmibank anasayfasina gider..................passed
And Kullanici bir user olarak sag ust kosede bulunan insan simgesine tiklar.passed
And Kullanici bir user olarak acilan menuden register linkine tiklar........passed
Given Kullanici bir user olarak First Name textboxini " " bos birakir.......passed
Then Kullanici bir user olarak "Your First Name is required" hata uyarisini goruntuler.passed
]]></system-out>
</testcase>
<testcase classname="US_01 success register with valid credentials" name="TC_0105  gecerli last name positive test" time="1.343">
<system-out><![CDATA[Given Kullanici bir user olarak gmibank anasayfasina gider..................passed
And Kullanici bir user olarak sag ust kosede bulunan insan simgesine tiklar.passed
And Kullanici bir user olarak acilan menuden register linkine tiklar........passed
Given Kullanici bir user olarak Last Name textboxina "Smith" soyismini girer.passed
Then Kullanici bir user olarak First Name textboxinin bir hata mesaji vermedigini goruntuler.passed
]]></system-out>
</testcase>
<testcase classname="US_01 success register with valid credentials" name="TC_0106 bos last name negative test" time="1.259">
<system-out><![CDATA[Given Kullanici bir user olarak gmibank anasayfasina gider..................passed
And Kullanici bir user olarak sag ust kosede bulunan insan simgesine tiklar.passed
And Kullanici bir user olarak acilan menuden register linkine tiklar........passed
Given Kullanici bir user olarak Last Name textboxini " " bos birakir........passed
Then Kullanici bir user olarak "Your Last Name is required" hata mesajini goruntuler.passed
]]></system-out>
</testcase>
<testcase classname="US_01 success register with valid credentials" name="TC_0107  gecerli address test" time="1.947">
<system-out><![CDATA[Given Kullanici bir user olarak gmibank anasayfasina gider..................passed
And Kullanici bir user olarak sag ust kosede bulunan insan simgesine tiklar.passed
And Kullanici bir user olarak acilan menuden register linkine tiklar........passed
Given Kullanici bir user olarak Address textboxina "A mah. B cad. No:1 66300 Istanbul Sariyer"  adresini girer.passed
Then Kullanici bir user olarak Address textboxinin bir hata mesaji vermedigini goruntuler.passed
]]></system-out>
</testcase>
<testcase classname="US_01 success register with valid credentials" name="TC_0108 gecerli mobile phone number test" time="2.024">
<system-out><![CDATA[Given Kullanici bir user olarak gmibank anasayfasina gider..................passed
And Kullanici bir user olarak sag ust kosede bulunan insan simgesine tiklar.passed
And Kullanici bir user olarak acilan menuden register linkine tiklar........passed
Given Kullanici bir user olarak Mobile Phone Number textboxina "123-123-1234" cep telefonu numarasini girer.passed
Then Kullanici bir user olarak Mobile Phone Number textboxinin bir hata mesaji vermedigini goruntuler.passed
]]></system-out>
</testcase>
<testcase classname="US_01 success register with valid credentials" name="TC_0109 gecersiz mobile phone number negative test" time="1.608">
<system-out><![CDATA[Given Kullanici bir user olarak gmibank anasayfasina gider..................passed
And Kullanici bir user olarak sag ust kosede bulunan insan simgesine tiklar.passed
And Kullanici bir user olarak acilan menuden register linkine tiklar........passed
Given Kullanici bir user olarak Mobile Phone Number textboxina tire olmadan "1231231234" cep telefonu numarasini girer.passed
Then Kullanici bir user olarak "Your mobile phone number is invalid" hata mesajini goruntuler.passed
]]></system-out>
</testcase>
<testcase classname="US_01 success register with valid credentials" name="TC_0110 gecerli kullanici adi test" time="1.614">
<system-out><![CDATA[Given Kullanici bir user olarak gmibank anasayfasina gider..................passed
And Kullanici bir user olarak sag ust kosede bulunan insan simgesine tiklar.passed
And Kullanici bir user olarak acilan menuden register linkine tiklar........passed
Given Kullanici bir user olarak Username textboxina  "Abc123" kullanici adini girer.passed
Then Kullanici bir user olarak Username textboxinin bir hata mesaji vermedigini goruntuler.passed
]]></system-out>
</testcase>
<testcase classname="US_01 success register with valid credentials" name="TC_0111 gecersiz kullanici adi test" time="3.329">
<system-out><![CDATA[Given Kullanici bir user olarak gmibank anasayfasina gider..................passed
And Kullanici bir user olarak sag ust kosede bulunan insan simgesine tiklar.passed
And Kullanici bir user olarak acilan menuden register linkine tiklar........passed
Given Kullanici bir user olarak Username textboxina  sadece sayilardan olusan "123" kullanici adini girer.passed
Then Kullanici bir user olarak Username textboxinin cerceve renginin kirmizi oldugunu goruntuler.passed
]]></system-out>
</testcase>
<testcase classname="US_01 success register with valid credentials" name="TC_0112 gecerli email test" time="1.439">
<system-out><![CDATA[Given Kullanici bir user olarak gmibank anasayfasina gider..................passed
And Kullanici bir user olarak sag ust kosede bulunan insan simgesine tiklar.passed
And Kullanici bir user olarak acilan menuden register linkine tiklar........passed
Given Kullanici bir user olarak Email textboxina "abc@mail.com" mail adresini girer.passed
Then Kullanici bir user olarak Email textboxinin bir hata mesaji vermedigini goruntuler.passed
]]></system-out>
</testcase>
<testcase classname="US_01 success register with valid credentials" name="TC_0113 gecerli verilerle hesap olusturma" time="4.783">
<system-out><![CDATA[Given Kullanici bir user olarak gmibank anasayfasina gider..................passed
And Kullanici bir user olarak sag ust kosede bulunan insan simgesine tiklar.passed
And Kullanici bir user olarak acilan menuden register linkine tiklar........passed
Given Kullanici bir user olarak SSN textboxina "333-28-4444" numarasini girer.passed
And Kullanici bir user olarak First Name textboxina "Ali" ismini girer......passed
And Kullanici bir user olarak Last Name textboxina "Smith" soyismini girer..passed
And Kullanici bir user olarak Address textboxina "A mah. B cad. No:1 66300 Istanbul Sariyer"  adresini girer.passed
And Kullanici bir user olarak Mobile Phone Number textboxina "123-123-1234" cep telefonu numarasini girer.passed
And Kullanici bir user olarak Username textboxina  "AAbc123" kullanici adini girer.passed
And Kullanici bir user olarak Email textboxina "abc12@mail.com" mail adresini girer.passed
And Kullanici bir user olarak New password textboxina "A1b2C3" sifresini girer.passed
And Kullanici bir user olarak New password confirmation textboxina "A1b2C3" sifresini girer.passed
And Kullanici bir user olarak Register butonuna tiklar......................passed
Then Kullanici bir user olarak basarili bir kayit olusturulduguna dair mesaj goruntuler.passed
]]></system-out>
</testcase>
<testcase classname="US_02 Test" name="TC_0201 registiration test" time="1.724">
<system-out><![CDATA[Given Kullanici bir user olarak gmibank anasayfasina gider..................passed
And Kullanici bir user olarak sag ust kosede bulunan insan simgesine tiklar.passed
And Kullanici bir user olarak acilan menuden register linkine tiklar........passed
And kullanici textboxlari bos birakip register butonuna tiklar..............passed
Then kullanici bos birakilan textbox'larda uyari yazisi ciktigini dogrular..passed
]]></system-out>
</testcase>
<testcase classname="US_02 Test" name="TC_0202 invalid SSN test" time="5.446">
<system-out><![CDATA[Given Kullanici bir user olarak gmibank anasayfasina gider..................passed
And Kullanici bir user olarak sag ust kosede bulunan insan simgesine tiklar.passed
And Kullanici bir user olarak acilan menuden register linkine tiklar........passed
And kullanici SSN textboxina sayilar arasinda bosluk koyarak giris yapar....passed
Then invalid numara girildiginde textbox'in kenar rengi kirmizi gorulur.....passed
]]></system-out>
</testcase>
<testcase classname="US_02 Test" name="TC_0203 invalid mobile phone number test" time="3.583">
<system-out><![CDATA[Given Kullanici bir user olarak gmibank anasayfasina gider..................passed
And Kullanici bir user olarak sag ust kosede bulunan insan simgesine tiklar.passed
And Kullanici bir user olarak acilan menuden register linkine tiklar........passed
And kullanici Mobile Phone Number textbox'ini sayilar arasinda ozel karakter kullanmadan doldurur.passed
Then invalid giris yapildiginda mobile phone number yazisi kirmizi olur.....passed
]]></system-out>
</testcase>
<testcase classname="US_02 Test" name="TC_0204 email adress test" time="1.939">
<system-out><![CDATA[Given Kullanici bir user olarak gmibank anasayfasina gider..................passed
And Kullanici bir user olarak sag ust kosede bulunan insan simgesine tiklar.passed
And Kullanici bir user olarak acilan menuden register linkine tiklar........passed
And kullanici "alicangmail.com" adresini girer..............................passed
Then kullanici invalid email girdiginde hata mesajini gorur.................passed
]]></system-out>
</testcase>
<testcase classname="US_02 Test" name="TC_0204 email adress test 2" time="1.389">
<system-out><![CDATA[Given Kullanici bir user olarak gmibank anasayfasina gider..................passed
And Kullanici bir user olarak sag ust kosede bulunan insan simgesine tiklar.passed
And Kullanici bir user olarak acilan menuden register linkine tiklar........passed
And kullanici "alican@gmail" adresini girer.................................passed
Then kullanici invalid email girdiginde hata mesajini gorur.................passed
]]></system-out>
</testcase>
<testcase classname="US_003 Registration page should restrict password usage to a secure and high level passcode" name="TC_0301  Positiv Test  at least 1 lowercase char for stronger password and see the level chart change accordingly" time="3.498">
<system-out><![CDATA[Given Kullanici bir user olarak gmibank anasayfasina gider..................passed
And Kullanici bir user olarak sag ust kosede bulunan insan simgesine tiklar.passed
And Kullanici bir user olarak acilan menuden register linkine tiklar........passed
Given bir user sent data to new Password Box "Betul2015" and verify the level chart.passed
]]></system-out>
</testcase>
<testcase classname="US_003 Registration page should restrict password usage to a secure and high level passcode" name="TC_0301  Positiv Test  at least 1 lowercase char for stronger password and see the level chart change accordingly 2" time="4.306">
<system-out><![CDATA[Given Kullanici bir user olarak gmibank anasayfasina gider..................passed
And Kullanici bir user olarak sag ust kosede bulunan insan simgesine tiklar.passed
And Kullanici bir user olarak acilan menuden register linkine tiklar........passed
Given bir user sent data to new Password Box "BeT201" and verify the level chart.passed
]]></system-out>
</testcase>
<testcase classname="US_003 Registration page should restrict password usage to a secure and high level passcode" name="TC_0302 Negative Test at least 1 lowercase char for stronger password and see the level chart change accordingly" time="4.053">
<system-out><![CDATA[Given Kullanici bir user olarak gmibank anasayfasina gider..................passed
And Kullanici bir user olarak sag ust kosede bulunan insan simgesine tiklar.passed
And Kullanici bir user olarak acilan menuden register linkine tiklar........passed
Given iki user sent to newPassword Box "BETUL2015!!!" and verify the level chart.passed
]]></system-out>
</testcase>
<testcase classname="US_003 Registration page should restrict password usage to a secure and high level passcode" name="TC_0302 Negative Test at least 1 lowercase char for stronger password and see the level chart change accordingly 2" time="4.071">
<system-out><![CDATA[Given Kullanici bir user olarak gmibank anasayfasina gider..................passed
And Kullanici bir user olarak sag ust kosede bulunan insan simgesine tiklar.passed
And Kullanici bir user olarak acilan menuden register linkine tiklar........passed
Given iki user sent to newPassword Box "BET201!.....B" and verify the level chart.passed
]]></system-out>
</testcase>
<testcase classname="US_003 Registration page should restrict password usage to a secure and high level passcode" name="TC_0303 Positiv Test at least 1 lowercase char and see the level chart change accordingly" time="3.518">
<system-out><![CDATA[Given Kullanici bir user olarak gmibank anasayfasina gider..................passed
And Kullanici bir user olarak sag ust kosede bulunan insan simgesine tiklar.passed
And Kullanici bir user olarak acilan menuden register linkine tiklar........passed
Given uc user sent to newPass box "Betul2015." and verify the level chart...passed
]]></system-out>
</testcase>
<testcase classname="US_003 Registration page should restrict password usage to a secure and high level passcode" name="TC_0303 Positiv Test at least 1 lowercase char and see the level chart change accordingly 2" time="4.62">
<system-out><![CDATA[Given Kullanici bir user olarak gmibank anasayfasina gider..................passed
And Kullanici bir user olarak sag ust kosede bulunan insan simgesine tiklar.passed
And Kullanici bir user olarak acilan menuden register linkine tiklar........passed
Given uc user sent to newPass box "BeT201!" and verify the level chart......passed
]]></system-out>
</testcase>
<testcase classname="US_003 Registration page should restrict password usage to a secure and high level passcode" name="TC_0303 Positiv Test at least 1 lowercase char and see the level chart change accordingly 3" time="4.492">
<system-out><![CDATA[Given Kullanici bir user olarak gmibank anasayfasina gider..................passed
And Kullanici bir user olarak sag ust kosede bulunan insan simgesine tiklar.passed
And Kullanici bir user olarak acilan menuden register linkine tiklar........passed
Given uc user sent to newPass box "aBE3." and verify the level chart........passed
]]></system-out>
</testcase>
<testcase classname="US_003 Registration page should restrict password usage to a secure and high level passcode" name="TC_0303 Positiv Test at least 1 lowercase char and see the level chart change accordingly 4" time="3.658">
<system-out><![CDATA[Given Kullanici bir user olarak gmibank anasayfasina gider..................passed
And Kullanici bir user olarak sag ust kosede bulunan insan simgesine tiklar.passed
And Kullanici bir user olarak acilan menuden register linkine tiklar........passed
Given uc user sent to newPass box "bet2015" and verify the level chart......passed
]]></system-out>
</testcase>
<testcase classname="US_003 Registration page should restrict password usage to a secure and high level passcode" name="TC_0303 Positiv Test at least 1 lowercase char and see the level chart change accordingly 5" time="4.606">
<system-out><![CDATA[Given Kullanici bir user olarak gmibank anasayfasina gider..................passed
And Kullanici bir user olarak sag ust kosede bulunan insan simgesine tiklar.passed
And Kullanici bir user olarak acilan menuden register linkine tiklar........passed
Given uc user sent to newPass box "BET2015a" and verify the level chart.....passed
]]></system-out>
</testcase>
<testcase classname="US_003 Registration page should restrict password usage to a secure and high level passcode" name="TC_0304 Negativ test  at least 1 lowercase char and see the level chart change accordingly" time="3.532">
<system-out><![CDATA[Given Kullanici bir user olarak gmibank anasayfasina gider..................passed
And Kullanici bir user olarak sag ust kosede bulunan insan simgesine tiklar.passed
And Kullanici bir user olarak acilan menuden register linkine tiklar........passed
Given dort user sent to newPassword field "BETUL2015." and verify the level chart.passed
]]></system-out>
</testcase>
<testcase classname="US_003 Registration page should restrict password usage to a secure and high level passcode" name="TC_0304 Negativ test  at least 1 lowercase char and see the level chart change accordingly 2" time="3.764">
<system-out><![CDATA[Given Kullanici bir user olarak gmibank anasayfasina gider..................passed
And Kullanici bir user olarak sag ust kosede bulunan insan simgesine tiklar.passed
And Kullanici bir user olarak acilan menuden register linkine tiklar........passed
Given dort user sent to newPassword field "BT201!" and verify the level chart.passed
]]></system-out>
</testcase>
<testcase classname="US_003 Registration page should restrict password usage to a secure and high level passcode" name="TC_0304 Negativ test  at least 1 lowercase char and see the level chart change accordingly 3" time="3.531">
<system-out><![CDATA[Given Kullanici bir user olarak gmibank anasayfasina gider..................passed
And Kullanici bir user olarak sag ust kosede bulunan insan simgesine tiklar.passed
And Kullanici bir user olarak acilan menuden register linkine tiklar........passed
Given dort user sent to newPassword field "BT2015434!" and verify the level chart.passed
]]></system-out>
</testcase>
<testcase classname="US_003 Registration page should restrict password usage to a secure and high level passcode" name="TC_0305 Positiv test at least 1 digit and see the level chart change accordingly" time="13.866">
<system-out><![CDATA[Given Kullanici bir user olarak gmibank anasayfasina gider..................passed
And Kullanici bir user olarak sag ust kosede bulunan insan simgesine tiklar.passed
And Kullanici bir user olarak acilan menuden register linkine tiklar........passed
Given bes user sent to newPassword field "Bet2a.!" and verify the level chart.passed
]]></system-out>
</testcase>
<testcase classname="US_003 Registration page should restrict password usage to a secure and high level passcode" name="TC_0305 Positiv test at least 1 digit and see the level chart change accordingly 2" time="13.5">
<system-out><![CDATA[Given Kullanici bir user olarak gmibank anasayfasina gider..................passed
And Kullanici bir user olarak sag ust kosede bulunan insan simgesine tiklar.passed
And Kullanici bir user olarak acilan menuden register linkine tiklar........passed
Given bes user sent to newPassword field "Ba!2C4" and verify the level chart.passed
]]></system-out>
</testcase>
<testcase classname="US_003 Registration page should restrict password usage to a secure and high level passcode" name="TC_0305 Positiv test at least 1 digit and see the level chart change accordingly 3" time="13.542">
<system-out><![CDATA[Given Kullanici bir user olarak gmibank anasayfasina gider..................passed
And Kullanici bir user olarak sag ust kosede bulunan insan simgesine tiklar.passed
And Kullanici bir user olarak acilan menuden register linkine tiklar........passed
Given bes user sent to newPassword field "345a!B" and verify the level chart.passed
]]></system-out>
</testcase>
<testcase classname="US_003 Registration page should restrict password usage to a secure and high level passcode" name="TC_0306 Negativ test at least 1 digit and see the level chart change accordingly" time="3.672">
<system-out><![CDATA[Given Kullanici bir user olarak gmibank anasayfasina gider..................passed
And Kullanici bir user olarak sag ust kosede bulunan insan simgesine tiklar.passed
And Kullanici bir user olarak acilan menuden register linkine tiklar........passed
Given alti user sent to newPassword  "BETULa." and verify the level chart...passed
]]></system-out>
</testcase>
<testcase classname="US_003 Registration page should restrict password usage to a secure and high level passcode" name="TC_0306 Negativ test at least 1 digit and see the level chart change accordingly 2" time="3.717">
<system-out><![CDATA[Given Kullanici bir user olarak gmibank anasayfasina gider..................passed
And Kullanici bir user olarak sag ust kosede bulunan insan simgesine tiklar.passed
And Kullanici bir user olarak acilan menuden register linkine tiklar........passed
Given alti user sent to newPassword  "Besdfbbdf!!!!" and verify the level chart.passed
]]></system-out>
</testcase>
<testcase classname="US_003 Registration page should restrict password usage to a secure and high level passcode" name="TC_0306 Negativ test at least 1 digit and see the level chart change accordingly 3" time="4.796">
<system-out><![CDATA[Given Kullanici bir user olarak gmibank anasayfasina gider..................passed
And Kullanici bir user olarak sag ust kosede bulunan insan simgesine tiklar.passed
And Kullanici bir user olarak acilan menuden register linkine tiklar........passed
Given alti user sent to newPassword  "BeTdfsdgb!!!..!" and verify the level chart.passed
]]></system-out>
</testcase>
<testcase classname="US_003 Registration page should restrict password usage to a secure and high level passcode" name="TC_0307 Positiv test at least 1 special char and see the level bar change accordingly" time="14.411">
<system-out><![CDATA[Given Kullanici bir user olarak gmibank anasayfasina gider..................passed
And Kullanici bir user olarak sag ust kosede bulunan insan simgesine tiklar.passed
And Kullanici bir user olarak acilan menuden register linkine tiklar........passed
Given yedi user sent to newPASWORD box "BE24La." and verify the level chart.passed
]]></system-out>
</testcase>
<testcase classname="US_003 Registration page should restrict password usage to a secure and high level passcode" name="TC_0307 Positiv test at least 1 special char and see the level bar change accordingly 2" time="13.613">
<system-out><![CDATA[Given Kullanici bir user olarak gmibank anasayfasina gider..................passed
And Kullanici bir user olarak sag ust kosede bulunan insan simgesine tiklar.passed
And Kullanici bir user olarak acilan menuden register linkine tiklar........passed
Given yedi user sent to newPASWORD box "Bet2!a2" and verify the level chart.passed
]]></system-out>
</testcase>
<testcase classname="US_003 Registration page should restrict password usage to a secure and high level passcode" name="TC_0307 Positiv test at least 1 special char and see the level bar change accordingly 3" time="13.679">
<system-out><![CDATA[Given Kullanici bir user olarak gmibank anasayfasina gider..................passed
And Kullanici bir user olarak sag ust kosede bulunan insan simgesine tiklar.passed
And Kullanici bir user olarak acilan menuden register linkine tiklar........passed
Given yedi user sent to newPASWORD box "BeTdf34dgb!!..!" and verify the level chart.passed
]]></system-out>
</testcase>
<testcase classname="US_003 Registration page should restrict password usage to a secure and high level passcode" name="TC_0308 Negativ test at least 1 special char and see the level bar change accordingly" time="13.714">
<system-out><![CDATA[Given Kullanici bir user olarak gmibank anasayfasina gider..................passed
And Kullanici bir user olarak sag ust kosede bulunan insan simgesine tiklar.passed
And Kullanici bir user olarak acilan menuden register linkine tiklar........passed
Given sekiz user sent to newPASvORD box "BETULa23" and verify the level chart.passed
]]></system-out>
</testcase>
<testcase classname="US_003 Registration page should restrict password usage to a secure and high level passcode" name="TC_0308 Negativ test at least 1 special char and see the level bar change accordingly 2" time="13.645">
<system-out><![CDATA[Given Kullanici bir user olarak gmibank anasayfasina gider..................passed
And Kullanici bir user olarak sag ust kosede bulunan insan simgesine tiklar.passed
And Kullanici bir user olarak acilan menuden register linkine tiklar........passed
Given sekiz user sent to newPASvORD box "Bet2" and verify the level chart...passed
]]></system-out>
</testcase>
<testcase classname="US_003 Registration page should restrict password usage to a secure and high level passcode" name="TC_0308 Negativ test at least 1 special char and see the level bar change accordingly 3" time="13.727">
<system-out><![CDATA[Given Kullanici bir user olarak gmibank anasayfasina gider..................passed
And Kullanici bir user olarak sag ust kosede bulunan insan simgesine tiklar.passed
And Kullanici bir user olarak acilan menuden register linkine tiklar........passed
Given sekiz user sent to newPASvORD box "BeTd35" and verify the level chart.passed
]]></system-out>
</testcase>
<testcase classname="US_003 Registration page should restrict password usage to a secure and high level passcode" name="TC_0309 Positiv Test  at least 7 chars for a stronger password" time="13.684">
<system-out><![CDATA[Given Kullanici bir user olarak gmibank anasayfasina gider..................passed
And Kullanici bir user olarak sag ust kosede bulunan insan simgesine tiklar.passed
And Kullanici bir user olarak acilan menuden register linkine tiklar........passed
Given dokuz user sent to newPassWORD box "Be2.!Al" and verify the level chart.passed
]]></system-out>
</testcase>
<testcase classname="US_003 Registration page should restrict password usage to a secure and high level passcode" name="TC_0309 Positiv Test  at least 7 chars for a stronger password 2" time="13.632">
<system-out><![CDATA[Given Kullanici bir user olarak gmibank anasayfasina gider..................passed
And Kullanici bir user olarak sag ust kosede bulunan insan simgesine tiklar.passed
And Kullanici bir user olarak acilan menuden register linkine tiklar........passed
Given dokuz user sent to newPassWORD box "Bet2a!.a345" and verify the level chart.passed
]]></system-out>
</testcase>
<testcase classname="US_003 Registration page should restrict password usage to a secure and high level passcode" name="TC_0310 Negativ Test  at least 7 chars for a stronger password" time="13.714">
<system-out><![CDATA[Given Kullanici bir user olarak gmibank anasayfasina gider..................passed
And Kullanici bir user olarak sag ust kosede bulunan insan simgesine tiklar.passed
And Kullanici bir user olarak acilan menuden register linkine tiklar........passed
Given on user sent to newPass field "Be2.!A" and verify the level chart.....passed
]]></system-out>
</testcase>
<testcase classname="US_003 Registration page should restrict password usage to a secure and high level passcode" name="TC_0310 Negativ Test  at least 7 chars for a stronger password 2" time="13.708">
<system-out><![CDATA[Given Kullanici bir user olarak gmibank anasayfasina gider..................passed
And Kullanici bir user olarak sag ust kosede bulunan insan simgesine tiklar.passed
And Kullanici bir user olarak acilan menuden register linkine tiklar........passed
Given on user sent to newPass field "Bet2a" and verify the level chart......passed
]]></system-out>
</testcase>
<testcase classname="US_003 Registration page should restrict password usage to a secure and high level passcode" name="TC_0310 Negativ Test  at least 7 chars for a stronger password 3" time="13.512">
<system-out><![CDATA[Given Kullanici bir user olarak gmibank anasayfasina gider..................passed
And Kullanici bir user olarak sag ust kosede bulunan insan simgesine tiklar.passed
And Kullanici bir user olarak acilan menuden register linkine tiklar........passed
Given on user sent to newPass field "aB2!" and verify the level chart.......passed
]]></system-out>
</testcase>
<testcase classname="US_04 succes login with valid credentials" name="TC_0401 success message to login" time="2.326">
<system-out><![CDATA[Given Kullanici bir user olarak gmibank anasayfasina gider..................passed
And Kullanici bir user olarak sag ust kosede bulunan insan simgesine tiklar.passed
And Kullanici bir user olarak acilan menuden login linkine tiklar...........passed
Given Kullanici acilan Sign in sayfasinda username textboxina "AAbc398" girer.passed
And Kullanici acilan Sign in sayfasinda password textboxina "A1b2C3" girer..passed
And Kullanici acilan Sign in sayfasinda Login butonuna tiklar...............passed
Then Kullanici ismini kayit oldugu ismini acilan sayfada goruntuler.........passed
]]></system-out>
</testcase>
<testcase classname="US_04 succes login with valid credentials" name="TC_0402 cancel login option" time="1.933">
<system-out><![CDATA[Given Kullanici bir user olarak gmibank anasayfasina gider..................passed
And Kullanici bir user olarak sag ust kosede bulunan insan simgesine tiklar.passed
And Kullanici bir user olarak acilan menuden login linkine tiklar...........passed
Then Kullanici acilan Sign in sayfasinda Cancel butonunu goruntuler.........passed
]]></system-out>
</testcase>
<testcase classname="US_05 Login page should not be accessible with invalid credentials" name="User cannot login with invalid username validating the error message" time="7.409">
<system-out><![CDATA[Given user enters gmibank homepage..........................................passed
Given user enters gmibank homepage..........................................passed
Then user clicks userEntry icon.............................................passed
Then user clicks signIn link................................................passed
Then user enters admin username "aaaaaaa"...................................passed
Then user enters admin password "Betul2015".................................passed
Then user clicks signIn button..............................................passed
Then assert error message...................................................passed
]]></system-out>
</testcase>
<testcase classname="US_05 Login page should not be accessible with invalid credentials" name="User cannot login with invalid username validating the error message 2" time="4.251">
<system-out><![CDATA[Given user enters gmibank homepage..........................................passed
Given user enters gmibank homepage..........................................passed
Then user clicks userEntry icon.............................................passed
Then user clicks signIn link................................................passed
Then user enters admin username "adkssla"...................................passed
Then user enters admin password "Betul2015".................................passed
Then user clicks signIn button..............................................passed
Then assert error message...................................................passed
]]></system-out>
</testcase>
<testcase classname="US_05 Login page should not be accessible with invalid credentials" name="User cannot login with invalid username validating the error message 3" time="4.196">
<system-out><![CDATA[Given user enters gmibank homepage..........................................passed
Given user enters gmibank homepage..........................................passed
Then user clicks userEntry icon.............................................passed
Then user clicks signIn link................................................passed
Then user enters admin username "iso1945"...................................passed
Then user enters admin password "Betul2015".................................passed
Then user clicks signIn button..............................................passed
Then assert error message...................................................passed
]]></system-out>
</testcase>
<testcase classname="US_05 Login page should not be accessible with invalid credentials" name="User cannot login with invalid username validating the error message 4" time="4.184">
<system-out><![CDATA[Given user enters gmibank homepage..........................................passed
Given user enters gmibank homepage..........................................passed
Then user clicks userEntry icon.............................................passed
Then user clicks signIn link................................................passed
Then user enters admin username "12jksks"...................................passed
Then user enters admin password "Betul2015".................................passed
Then user clicks signIn button..............................................passed
Then assert error message...................................................passed
]]></system-out>
</testcase>
<testcase classname="US_05 Login page should not be accessible with invalid credentials" name="User cannot login with invalid password validating the error message" time="4.294">
<system-out><![CDATA[Given user enters gmibank homepage..........................................passed
Given user enters gmibank homepage..........................................passed
Then user clicks userEntry icon.............................................passed
Then user clicks signIn link................................................passed
Then user enters admin username "asilcan"...................................passed
Then user enters admin password "aaaaaaa25".................................passed
Then user clicks signIn button..............................................passed
Then assert error message...................................................passed
]]></system-out>
</testcase>
<testcase classname="US_05 Login page should not be accessible with invalid credentials" name="User cannot login with invalid password validating the error message 2" time="4.161">
<system-out><![CDATA[Given user enters gmibank homepage..........................................passed
Given user enters gmibank homepage..........................................passed
Then user clicks userEntry icon.............................................passed
Then user clicks signIn link................................................passed
Then user enters admin username "asilcan"...................................passed
Then user enters admin password "adkssla41".................................passed
Then user clicks signIn button..............................................passed
Then assert error message...................................................passed
]]></system-out>
</testcase>
<testcase classname="US_05 Login page should not be accessible with invalid credentials" name="User cannot login with invalid password validating the error message 3" time="4.498">
<system-out><![CDATA[Given user enters gmibank homepage..........................................passed
Given user enters gmibank homepage..........................................passed
Then user clicks userEntry icon.............................................passed
Then user clicks signIn link................................................passed
Then user enters admin username "asilcan"...................................passed
Then user enters admin password "iso194578".................................passed
Then user clicks signIn button..............................................passed
Then assert error message...................................................passed
]]></system-out>
</testcase>
<testcase classname="US_05 Login page should not be accessible with invalid credentials" name="User cannot login with invalid password validating the error message 4" time="4.165">
<system-out><![CDATA[Given user enters gmibank homepage..........................................passed
Given user enters gmibank homepage..........................................passed
Then user clicks userEntry icon.............................................passed
Then user clicks signIn link................................................passed
Then user enters admin username "asilcan"...................................passed
Then user enters admin password "12jksks39".................................passed
Then user clicks signIn button..............................................passed
Then assert error message...................................................passed
]]></system-out>
</testcase>
<testcase classname="US_05 Login page should not be accessible with invalid credentials" name="User cannot login with invalid username and password validating the error message" time="4.286">
<system-out><![CDATA[Given user enters gmibank homepage..........................................passed
Given user enters gmibank homepage..........................................passed
Then user clicks userEntry icon.............................................passed
Then user clicks signIn link................................................passed
Then user enters admin username "aaaaaaa25".................................passed
Then user enters admin password "adkssla41".................................passed
Then user clicks signIn button..............................................passed
Then assert error message...................................................passed
]]></system-out>
</testcase>
<testcase classname="US_05 Login page should not be accessible with invalid credentials" name="User cannot login with invalid username and password validating the error message 2" time="4.239">
<system-out><![CDATA[Given user enters gmibank homepage..........................................passed
Given user enters gmibank homepage..........................................passed
Then user clicks userEntry icon.............................................passed
Then user clicks signIn link................................................passed
Then user enters admin username "iso194578".................................passed
Then user enters admin password "haksk7852".................................passed
Then user clicks signIn button..............................................passed
Then assert error message...................................................passed
]]></system-out>
</testcase>
<testcase classname="US_05 Login page should not be accessible with invalid credentials" name="User cannot login with invalid username and password validating the error message 3" time="4.221">
<system-out><![CDATA[Given user enters gmibank homepage..........................................passed
Given user enters gmibank homepage..........................................passed
Then user clicks userEntry icon.............................................passed
Then user clicks signIn link................................................passed
Then user enters admin username "12jksks39".................................passed
Then user enters admin password "aaaaaaa25".................................passed
Then user clicks signIn button..............................................passed
Then assert error message...................................................passed
]]></system-out>
</testcase>
<testcase classname="US_05 Login page should not be accessible with invalid credentials" name="User cannot login with invalid username and password validating the error message 4" time="4.224">
<system-out><![CDATA[Given user enters gmibank homepage..........................................passed
Given user enters gmibank homepage..........................................passed
Then user clicks userEntry icon.............................................passed
Then user clicks signIn link................................................passed
Then user enters admin username "adkssla41".................................passed
Then user enters admin password "fjfjfl781".................................passed
Then user clicks signIn button..............................................passed
Then assert error message...................................................passed
]]></system-out>
</testcase>
<testcase classname="US_05 Login page should not be accessible with invalid credentials" name="User cannot login with invalid username and password validating the error message 5" time="4.144">
<system-out><![CDATA[Given user enters gmibank homepage..........................................passed
Given user enters gmibank homepage..........................................passed
Then user clicks userEntry icon.............................................passed
Then user clicks signIn link................................................passed
Then user enters admin username "iso194578".................................passed
Then user enters admin password "12jksks39".................................passed
Then user clicks signIn button..............................................passed
Then assert error message...................................................passed
]]></system-out>
</testcase>
<testcase classname="US_05 Login page should not be accessible with invalid credentials" name="User with invalid credentials should be given an option to reset their password" time="4.69">
<system-out><![CDATA[Given user enters gmibank homepage..........................................passed
Given user enters gmibank homepage..........................................passed
Then user clicks userEntry icon.............................................passed
Then user clicks signIn link................................................passed
Then user enters admin username "aaaaaaa25".................................passed
Then user enters admin password "adkssla41".................................passed
Then user clicks signIn button..............................................passed
Then assert error message...................................................passed
And user click reset button.................................................passed
And user write invalid mail.................................................passed
And user click submit button................................................passed
Then assert succesful message...............................................passed
]]></system-out>
</testcase>
<testcase classname="US_05 Login page should not be accessible with invalid credentials" name="User should be given the option to navigate to registration page if they did not register yet" time="4.282">
<system-out><![CDATA[Given user enters gmibank homepage..........................................passed
Given user enters gmibank homepage..........................................passed
Then user clicks userEntry icon.............................................passed
Then user clicks signIn link................................................passed
Then user enters admin username "aaaaaaa25".................................passed
Then user enters admin password "adkssla41".................................passed
Then user clicks signIn button..............................................passed
Then assert error message...................................................passed
Then assert register button.................................................passed
]]></system-out>
</testcase>
<testcase classname="US_07 Test" name="TC_0701 email test" time="3.445">
<system-out><![CDATA[Given Kullanici bir user olarak gmibank anasayfasina gider..................passed
And Kullanici bir user olarak sag ust kosede bulunan insan simgesine tiklar.passed
And Kullanici bir user olarak acilan menuden signIn linkine tiklar..........passed
And Kullanici username textboxina "AAbc398" girer...........................passed
And Kullanici  password textboxina "A1b2C3" girer...........................passed
And Kullanici signin butonuna tiklar........................................passed
And Kullanici sag ustteki insan simgesine tekrar tiklar ve userInfo basligini secer.passed
And Kullanici email textBoxina tiklar.......................................passed
And Kullanici "abc122afhmail.com" girer.....................................passed
Then kullanici hatali email  girdiginde hata mesajini gorur.................passed
]]></system-out>
</testcase>
<testcase classname="US_07 Test" name="TC_0701 email test 2" time="2.481">
<system-out><![CDATA[Given Kullanici bir user olarak gmibank anasayfasina gider..................passed
And Kullanici bir user olarak sag ust kosede bulunan insan simgesine tiklar.passed
And Kullanici bir user olarak acilan menuden signIn linkine tiklar..........passed
And Kullanici username textboxina "AAbc398" girer...........................passed
And Kullanici  password textboxina "A1b2C3" girer...........................passed
And Kullanici signin butonuna tiklar........................................passed
And Kullanici sag ustteki insan simgesine tekrar tiklar ve userInfo basligini secer.passed
And Kullanici email textBoxina tiklar.......................................passed
And Kullanici "abc122afh@mail" girer........................................passed
Then kullanici hatali email  girdiginde hata mesajini gorur.................passed
]]></system-out>
</testcase>
<testcase classname="US_07 Test" name="TC_0702 language  test" time="2.566">
<system-out><![CDATA[Given Kullanici bir user olarak gmibank anasayfasina gider..................passed
And Kullanici bir user olarak sag ust kosede bulunan insan simgesine tiklar.passed
And Kullanici bir user olarak acilan menuden signIn linkine tiklar..........passed
And Kullanici username textboxina "AAbc398" girer...........................passed
And Kullanici  password textboxina "A1b2C3" girer...........................passed
And Kullanici signin butonuna tiklar........................................passed
And Kullanici sag ustteki insan simgesine tekrar tiklar ve userInfo basligini secer.passed
Given Kullanici language  secenegine tiklar.................................passed
And Kullanici language dropDown'unun icinde sadece  "English" veya "Türkçe" dilleri oldugunu gorur.passed
]]></system-out>
</testcase>
<testcase classname="US_08 Password segment on Homepage should be editable" name="The old password should not be used" time="11.814">
<failure message="no such element: Unable to locate element: {&quot;method&quot;:&quot;xpath&quot;,&quot;selector&quot;:&quot;//span[.='Sign in']&quot;}&#10;  (Session info: chrome=86.0.4240.193)&#10;For documentation on this error, please visit: https://www.seleniumhq.org/exceptions/no_such_element.html&#10;Build info: version: '3.141.59', revision: 'e82be7d358', time: '2018-11-14T08:17:03'&#10;System info: host: 'LAPTOP-GIHN8273', ip: '192.168.0.34', os.name: 'Windows 10', os.arch: 'amd64', os.version: '10.0', java.version: '1.8.0_241'&#10;Driver info: org.openqa.selenium.chrome.ChromeDriver&#10;Capabilities {acceptInsecureCerts: false, browserName: chrome, browserVersion: 86.0.4240.193, chrome: {chromedriverVersion: 86.0.4240.22 (398b0743353ff..., userDataDir: C:\Users\TTR\AppData\Local\...}, goog:chromeOptions: {debuggerAddress: localhost:61339}, javascriptEnabled: true, networkConnectionEnabled: false, pageLoadStrategy: normal, platform: WINDOWS, platformName: WINDOWS, proxy: Proxy(), setWindowRect: true, strictFileInteractability: false, timeouts: {implicit: 0, pageLoad: 300000, script: 30000}, unhandledPromptBehavior: dismiss and notify, webauthn:virtualAuthenticators: true}&#10;Session ID: f13466289e98d2d86ffdeb2200a11cdb&#10;*** Element info: {Using=xpath, value=//span[.='Sign in']}" type="org.openqa.selenium.NoSuchElementException"><![CDATA[Given us08 user enters gmibank homepage.....................................passed
Then us08 user clicks userEntry icon........................................passed
Then us08 user clicks signIn link...........................................failed
Then us08 user enters admin username "USER1"................................skipped
Then us08 user enters admin password "User123_".............................skipped
Then us08 user clicks signIn button.........................................skipped
Then user clicks password link..............................................skipped
Given user clicks password link and old password for three textbox "User123_".skipped
Then user doesn't save......................................................skipped
Then user signOut...........................................................skipped

StackTrace:
org.openqa.selenium.NoSuchElementException: no such element: Unable to locate element: {"method":"xpath","selector":"//span[.='Sign in']"}
  (Session info: chrome=86.0.4240.193)
For documentation on this error, please visit: https://www.seleniumhq.org/exceptions/no_such_element.html
Build info: version: '3.141.59', revision: 'e82be7d358', time: '2018-11-14T08:17:03'
System info: host: 'LAPTOP-GIHN8273', ip: '192.168.0.34', os.name: 'Windows 10', os.arch: 'amd64', os.version: '10.0', java.version: '1.8.0_241'
Driver info: org.openqa.selenium.chrome.ChromeDriver
Capabilities {acceptInsecureCerts: false, browserName: chrome, browserVersion: 86.0.4240.193, chrome: {chromedriverVersion: 86.0.4240.22 (398b0743353ff..., userDataDir: C:\Users\TTR\AppData\Local\...}, goog:chromeOptions: {debuggerAddress: localhost:61339}, javascriptEnabled: true, networkConnectionEnabled: false, pageLoadStrategy: normal, platform: WINDOWS, platformName: WINDOWS, proxy: Proxy(), setWindowRect: true, strictFileInteractability: false, timeouts: {implicit: 0, pageLoad: 300000, script: 30000}, unhandledPromptBehavior: dismiss and notify, webauthn:virtualAuthenticators: true}
Session ID: f13466289e98d2d86ffdeb2200a11cdb
*** Element info: {Using=xpath, value=//span[.='Sign in']}
	at sun.reflect.NativeConstructorAccessorImpl.newInstance0(Native Method)
	at sun.reflect.NativeConstructorAccessorImpl.newInstance(NativeConstructorAccessorImpl.java:62)
	at sun.reflect.DelegatingConstructorAccessorImpl.newInstance(DelegatingConstructorAccessorImpl.java:45)
	at java.lang.reflect.Constructor.newInstance(Constructor.java:423)
	at org.openqa.selenium.remote.http.W3CHttpResponseCodec.createException(W3CHttpResponseCodec.java:187)
	at org.openqa.selenium.remote.http.W3CHttpResponseCodec.decode(W3CHttpResponseCodec.java:122)
	at org.openqa.selenium.remote.http.W3CHttpResponseCodec.decode(W3CHttpResponseCodec.java:49)
	at org.openqa.selenium.remote.HttpCommandExecutor.execute(HttpCommandExecutor.java:158)
	at org.openqa.selenium.remote.service.DriverCommandExecutor.execute(DriverCommandExecutor.java:83)
	at org.openqa.selenium.remote.RemoteWebDriver.execute(RemoteWebDriver.java:552)
	at org.openqa.selenium.remote.RemoteWebDriver.findElement(RemoteWebDriver.java:323)
	at org.openqa.selenium.remote.RemoteWebDriver.findElementByXPath(RemoteWebDriver.java:428)
	at org.openqa.selenium.By$ByXPath.findElement(By.java:353)
	at org.openqa.selenium.remote.RemoteWebDriver.findElement(RemoteWebDriver.java:315)
	at org.openqa.selenium.support.pagefactory.DefaultElementLocator.findElement(DefaultElementLocator.java:69)
	at org.openqa.selenium.support.pagefactory.internal.LocatingElementHandler.invoke(LocatingElementHandler.java:38)
	at com.sun.proxy.$Proxy17.click(Unknown Source)
	at gmibank.stepdefinitions.US_08_Step_Definitions.us08_user_clicks_signIn_link(US_08_Step_Definitions.java:38)
	at ✽.us08 user clicks signIn link(file:///C:/Users/TTR/IdeaProjects/gmibankproject/src/test/resources/features/us_08.feature:7)
]]></failure>
</testcase>
<testcase classname="US_08 Password segment on Homepage should be editable" name="There should be at least 1 uppercase char for stronger password" time="12.129">
<failure message="no such element: Unable to locate element: {&quot;method&quot;:&quot;xpath&quot;,&quot;selector&quot;:&quot;//span[.='Sign in']&quot;}&#10;  (Session info: chrome=86.0.4240.193)&#10;For documentation on this error, please visit: https://www.seleniumhq.org/exceptions/no_such_element.html&#10;Build info: version: '3.141.59', revision: 'e82be7d358', time: '2018-11-14T08:17:03'&#10;System info: host: 'LAPTOP-GIHN8273', ip: '192.168.0.34', os.name: 'Windows 10', os.arch: 'amd64', os.version: '10.0', java.version: '1.8.0_241'&#10;Driver info: org.openqa.selenium.chrome.ChromeDriver&#10;Capabilities {acceptInsecureCerts: false, browserName: chrome, browserVersion: 86.0.4240.193, chrome: {chromedriverVersion: 86.0.4240.22 (398b0743353ff..., userDataDir: C:\Users\TTR\AppData\Local\...}, goog:chromeOptions: {debuggerAddress: localhost:61339}, javascriptEnabled: true, networkConnectionEnabled: false, pageLoadStrategy: normal, platform: WINDOWS, platformName: WINDOWS, proxy: Proxy(), setWindowRect: true, strictFileInteractability: false, timeouts: {implicit: 0, pageLoad: 300000, script: 30000}, unhandledPromptBehavior: dismiss and notify, webauthn:virtualAuthenticators: true}&#10;Session ID: f13466289e98d2d86ffdeb2200a11cdb&#10;*** Element info: {Using=xpath, value=//span[.='Sign in']}" type="org.openqa.selenium.NoSuchElementException"><![CDATA[Given us08 user enters gmibank homepage.....................................passed
Then us08 user clicks userEntry icon........................................passed
Then us08 user clicks signIn link...........................................failed
Then us08 user enters admin username "USER1"................................skipped
Then us08 user enters admin password "User123_".............................skipped
Then us08 user clicks signIn button.........................................skipped
Then user clicks password link..............................................skipped
Given user clicks password link and writes one random uppercase.............skipped
Then user writes six lower cases and sees the change of password scales.....skipped
Then user writes six digits and sees the change of password scales..........skipped
Then user writes six special chars and sees the change of password scales...skipped
Then user signOut...........................................................skipped

StackTrace:
org.openqa.selenium.NoSuchElementException: no such element: Unable to locate element: {"method":"xpath","selector":"//span[.='Sign in']"}
  (Session info: chrome=86.0.4240.193)
For documentation on this error, please visit: https://www.seleniumhq.org/exceptions/no_such_element.html
Build info: version: '3.141.59', revision: 'e82be7d358', time: '2018-11-14T08:17:03'
System info: host: 'LAPTOP-GIHN8273', ip: '192.168.0.34', os.name: 'Windows 10', os.arch: 'amd64', os.version: '10.0', java.version: '1.8.0_241'
Driver info: org.openqa.selenium.chrome.ChromeDriver
Capabilities {acceptInsecureCerts: false, browserName: chrome, browserVersion: 86.0.4240.193, chrome: {chromedriverVersion: 86.0.4240.22 (398b0743353ff..., userDataDir: C:\Users\TTR\AppData\Local\...}, goog:chromeOptions: {debuggerAddress: localhost:61339}, javascriptEnabled: true, networkConnectionEnabled: false, pageLoadStrategy: normal, platform: WINDOWS, platformName: WINDOWS, proxy: Proxy(), setWindowRect: true, strictFileInteractability: false, timeouts: {implicit: 0, pageLoad: 300000, script: 30000}, unhandledPromptBehavior: dismiss and notify, webauthn:virtualAuthenticators: true}
Session ID: f13466289e98d2d86ffdeb2200a11cdb
*** Element info: {Using=xpath, value=//span[.='Sign in']}
	at sun.reflect.NativeConstructorAccessorImpl.newInstance0(Native Method)
	at sun.reflect.NativeConstructorAccessorImpl.newInstance(NativeConstructorAccessorImpl.java:62)
	at sun.reflect.DelegatingConstructorAccessorImpl.newInstance(DelegatingConstructorAccessorImpl.java:45)
	at java.lang.reflect.Constructor.newInstance(Constructor.java:423)
	at org.openqa.selenium.remote.http.W3CHttpResponseCodec.createException(W3CHttpResponseCodec.java:187)
	at org.openqa.selenium.remote.http.W3CHttpResponseCodec.decode(W3CHttpResponseCodec.java:122)
	at org.openqa.selenium.remote.http.W3CHttpResponseCodec.decode(W3CHttpResponseCodec.java:49)
	at org.openqa.selenium.remote.HttpCommandExecutor.execute(HttpCommandExecutor.java:158)
	at org.openqa.selenium.remote.service.DriverCommandExecutor.execute(DriverCommandExecutor.java:83)
	at org.openqa.selenium.remote.RemoteWebDriver.execute(RemoteWebDriver.java:552)
	at org.openqa.selenium.remote.RemoteWebDriver.findElement(RemoteWebDriver.java:323)
	at org.openqa.selenium.remote.RemoteWebDriver.findElementByXPath(RemoteWebDriver.java:428)
	at org.openqa.selenium.By$ByXPath.findElement(By.java:353)
	at org.openqa.selenium.remote.RemoteWebDriver.findElement(RemoteWebDriver.java:315)
	at org.openqa.selenium.support.pagefactory.DefaultElementLocator.findElement(DefaultElementLocator.java:69)
	at org.openqa.selenium.support.pagefactory.internal.LocatingElementHandler.invoke(LocatingElementHandler.java:38)
	at com.sun.proxy.$Proxy17.click(Unknown Source)
	at gmibank.stepdefinitions.US_08_Step_Definitions.us08_user_clicks_signIn_link(US_08_Step_Definitions.java:38)
	at ✽.us08 user clicks signIn link(file:///C:/Users/TTR/IdeaProjects/gmibankproject/src/test/resources/features/us_08.feature:7)
]]></failure>
</testcase>
<testcase classname="US_08 Password segment on Homepage should be editable" name="There should be at least 1 lowercase char for stronger password" time="12.139">
<failure message="no such element: Unable to locate element: {&quot;method&quot;:&quot;xpath&quot;,&quot;selector&quot;:&quot;//span[.='Sign in']&quot;}&#10;  (Session info: chrome=86.0.4240.193)&#10;For documentation on this error, please visit: https://www.seleniumhq.org/exceptions/no_such_element.html&#10;Build info: version: '3.141.59', revision: 'e82be7d358', time: '2018-11-14T08:17:03'&#10;System info: host: 'LAPTOP-GIHN8273', ip: '192.168.0.34', os.name: 'Windows 10', os.arch: 'amd64', os.version: '10.0', java.version: '1.8.0_241'&#10;Driver info: org.openqa.selenium.chrome.ChromeDriver&#10;Capabilities {acceptInsecureCerts: false, browserName: chrome, browserVersion: 86.0.4240.193, chrome: {chromedriverVersion: 86.0.4240.22 (398b0743353ff..., userDataDir: C:\Users\TTR\AppData\Local\...}, goog:chromeOptions: {debuggerAddress: localhost:61339}, javascriptEnabled: true, networkConnectionEnabled: false, pageLoadStrategy: normal, platform: WINDOWS, platformName: WINDOWS, proxy: Proxy(), setWindowRect: true, strictFileInteractability: false, timeouts: {implicit: 0, pageLoad: 300000, script: 30000}, unhandledPromptBehavior: dismiss and notify, webauthn:virtualAuthenticators: true}&#10;Session ID: f13466289e98d2d86ffdeb2200a11cdb&#10;*** Element info: {Using=xpath, value=//span[.='Sign in']}" type="org.openqa.selenium.NoSuchElementException"><![CDATA[Given us08 user enters gmibank homepage.....................................passed
Then us08 user clicks userEntry icon........................................passed
Then us08 user clicks signIn link...........................................failed
Then us08 user enters admin username "USER1"................................skipped
Then us08 user enters admin password "User123_".............................skipped
Then us08 user clicks signIn button.........................................skipped
Then user clicks password link..............................................skipped
Given user clicks password link and writes one random lowercase.............skipped
Then 0user writes six digits and sees the change of password scales.........skipped
Then user writes six upper cases and sees the change of password scales.....skipped
Then user writes  six special chars and sees the change of password scales..skipped
Then user signOut...........................................................skipped

StackTrace:
org.openqa.selenium.NoSuchElementException: no such element: Unable to locate element: {"method":"xpath","selector":"//span[.='Sign in']"}
  (Session info: chrome=86.0.4240.193)
For documentation on this error, please visit: https://www.seleniumhq.org/exceptions/no_such_element.html
Build info: version: '3.141.59', revision: 'e82be7d358', time: '2018-11-14T08:17:03'
System info: host: 'LAPTOP-GIHN8273', ip: '192.168.0.34', os.name: 'Windows 10', os.arch: 'amd64', os.version: '10.0', java.version: '1.8.0_241'
Driver info: org.openqa.selenium.chrome.ChromeDriver
Capabilities {acceptInsecureCerts: false, browserName: chrome, browserVersion: 86.0.4240.193, chrome: {chromedriverVersion: 86.0.4240.22 (398b0743353ff..., userDataDir: C:\Users\TTR\AppData\Local\...}, goog:chromeOptions: {debuggerAddress: localhost:61339}, javascriptEnabled: true, networkConnectionEnabled: false, pageLoadStrategy: normal, platform: WINDOWS, platformName: WINDOWS, proxy: Proxy(), setWindowRect: true, strictFileInteractability: false, timeouts: {implicit: 0, pageLoad: 300000, script: 30000}, unhandledPromptBehavior: dismiss and notify, webauthn:virtualAuthenticators: true}
Session ID: f13466289e98d2d86ffdeb2200a11cdb
*** Element info: {Using=xpath, value=//span[.='Sign in']}
	at sun.reflect.NativeConstructorAccessorImpl.newInstance0(Native Method)
	at sun.reflect.NativeConstructorAccessorImpl.newInstance(NativeConstructorAccessorImpl.java:62)
	at sun.reflect.DelegatingConstructorAccessorImpl.newInstance(DelegatingConstructorAccessorImpl.java:45)
	at java.lang.reflect.Constructor.newInstance(Constructor.java:423)
	at org.openqa.selenium.remote.http.W3CHttpResponseCodec.createException(W3CHttpResponseCodec.java:187)
	at org.openqa.selenium.remote.http.W3CHttpResponseCodec.decode(W3CHttpResponseCodec.java:122)
	at org.openqa.selenium.remote.http.W3CHttpResponseCodec.decode(W3CHttpResponseCodec.java:49)
	at org.openqa.selenium.remote.HttpCommandExecutor.execute(HttpCommandExecutor.java:158)
	at org.openqa.selenium.remote.service.DriverCommandExecutor.execute(DriverCommandExecutor.java:83)
	at org.openqa.selenium.remote.RemoteWebDriver.execute(RemoteWebDriver.java:552)
	at org.openqa.selenium.remote.RemoteWebDriver.findElement(RemoteWebDriver.java:323)
	at org.openqa.selenium.remote.RemoteWebDriver.findElementByXPath(RemoteWebDriver.java:428)
	at org.openqa.selenium.By$ByXPath.findElement(By.java:353)
	at org.openqa.selenium.remote.RemoteWebDriver.findElement(RemoteWebDriver.java:315)
	at org.openqa.selenium.support.pagefactory.DefaultElementLocator.findElement(DefaultElementLocator.java:69)
	at org.openqa.selenium.support.pagefactory.internal.LocatingElementHandler.invoke(LocatingElementHandler.java:38)
	at com.sun.proxy.$Proxy17.click(Unknown Source)
	at gmibank.stepdefinitions.US_08_Step_Definitions.us08_user_clicks_signIn_link(US_08_Step_Definitions.java:38)
	at ✽.us08 user clicks signIn link(file:///C:/Users/TTR/IdeaProjects/gmibankproject/src/test/resources/features/us_08.feature:7)
]]></failure>
</testcase>
<testcase classname="US_08 Password segment on Homepage should be editable" name="There should be at least 1 digit char for stronger password" time="12.257">
<failure message="no such element: Unable to locate element: {&quot;method&quot;:&quot;xpath&quot;,&quot;selector&quot;:&quot;//span[.='Sign in']&quot;}&#10;  (Session info: chrome=86.0.4240.193)&#10;For documentation on this error, please visit: https://www.seleniumhq.org/exceptions/no_such_element.html&#10;Build info: version: '3.141.59', revision: 'e82be7d358', time: '2018-11-14T08:17:03'&#10;System info: host: 'LAPTOP-GIHN8273', ip: '192.168.0.34', os.name: 'Windows 10', os.arch: 'amd64', os.version: '10.0', java.version: '1.8.0_241'&#10;Driver info: org.openqa.selenium.chrome.ChromeDriver&#10;Capabilities {acceptInsecureCerts: false, browserName: chrome, browserVersion: 86.0.4240.193, chrome: {chromedriverVersion: 86.0.4240.22 (398b0743353ff..., userDataDir: C:\Users\TTR\AppData\Local\...}, goog:chromeOptions: {debuggerAddress: localhost:61339}, javascriptEnabled: true, networkConnectionEnabled: false, pageLoadStrategy: normal, platform: WINDOWS, platformName: WINDOWS, proxy: Proxy(), setWindowRect: true, strictFileInteractability: false, timeouts: {implicit: 0, pageLoad: 300000, script: 30000}, unhandledPromptBehavior: dismiss and notify, webauthn:virtualAuthenticators: true}&#10;Session ID: f13466289e98d2d86ffdeb2200a11cdb&#10;*** Element info: {Using=xpath, value=//span[.='Sign in']}" type="org.openqa.selenium.NoSuchElementException"><![CDATA[Given us08 user enters gmibank homepage.....................................passed
Then us08 user clicks userEntry icon........................................passed
Then us08 user clicks signIn link...........................................failed
Then us08 user enters admin username "USER1"................................skipped
Then us08 user enters admin password "User123_".............................skipped
Then us08 user clicks signIn button.........................................skipped
Then user clicks password link..............................................skipped
Given testcasefour user clicks password link and writes one random digit....skipped
Then testcasefour user writes six upper cases and sees the change of password scales.skipped
Then testcasefour user writes six special chars and sees the change of password scales.skipped
Then testcasefour user writes six lower cases and sees the change of password scales.skipped
Then user signOut...........................................................skipped

StackTrace:
org.openqa.selenium.NoSuchElementException: no such element: Unable to locate element: {"method":"xpath","selector":"//span[.='Sign in']"}
  (Session info: chrome=86.0.4240.193)
For documentation on this error, please visit: https://www.seleniumhq.org/exceptions/no_such_element.html
Build info: version: '3.141.59', revision: 'e82be7d358', time: '2018-11-14T08:17:03'
System info: host: 'LAPTOP-GIHN8273', ip: '192.168.0.34', os.name: 'Windows 10', os.arch: 'amd64', os.version: '10.0', java.version: '1.8.0_241'
Driver info: org.openqa.selenium.chrome.ChromeDriver
Capabilities {acceptInsecureCerts: false, browserName: chrome, browserVersion: 86.0.4240.193, chrome: {chromedriverVersion: 86.0.4240.22 (398b0743353ff..., userDataDir: C:\Users\TTR\AppData\Local\...}, goog:chromeOptions: {debuggerAddress: localhost:61339}, javascriptEnabled: true, networkConnectionEnabled: false, pageLoadStrategy: normal, platform: WINDOWS, platformName: WINDOWS, proxy: Proxy(), setWindowRect: true, strictFileInteractability: false, timeouts: {implicit: 0, pageLoad: 300000, script: 30000}, unhandledPromptBehavior: dismiss and notify, webauthn:virtualAuthenticators: true}
Session ID: f13466289e98d2d86ffdeb2200a11cdb
*** Element info: {Using=xpath, value=//span[.='Sign in']}
	at sun.reflect.NativeConstructorAccessorImpl.newInstance0(Native Method)
	at sun.reflect.NativeConstructorAccessorImpl.newInstance(NativeConstructorAccessorImpl.java:62)
	at sun.reflect.DelegatingConstructorAccessorImpl.newInstance(DelegatingConstructorAccessorImpl.java:45)
	at java.lang.reflect.Constructor.newInstance(Constructor.java:423)
	at org.openqa.selenium.remote.http.W3CHttpResponseCodec.createException(W3CHttpResponseCodec.java:187)
	at org.openqa.selenium.remote.http.W3CHttpResponseCodec.decode(W3CHttpResponseCodec.java:122)
	at org.openqa.selenium.remote.http.W3CHttpResponseCodec.decode(W3CHttpResponseCodec.java:49)
	at org.openqa.selenium.remote.HttpCommandExecutor.execute(HttpCommandExecutor.java:158)
	at org.openqa.selenium.remote.service.DriverCommandExecutor.execute(DriverCommandExecutor.java:83)
	at org.openqa.selenium.remote.RemoteWebDriver.execute(RemoteWebDriver.java:552)
	at org.openqa.selenium.remote.RemoteWebDriver.findElement(RemoteWebDriver.java:323)
	at org.openqa.selenium.remote.RemoteWebDriver.findElementByXPath(RemoteWebDriver.java:428)
	at org.openqa.selenium.By$ByXPath.findElement(By.java:353)
	at org.openqa.selenium.remote.RemoteWebDriver.findElement(RemoteWebDriver.java:315)
	at org.openqa.selenium.support.pagefactory.DefaultElementLocator.findElement(DefaultElementLocator.java:69)
	at org.openqa.selenium.support.pagefactory.internal.LocatingElementHandler.invoke(LocatingElementHandler.java:38)
	at com.sun.proxy.$Proxy17.click(Unknown Source)
	at gmibank.stepdefinitions.US_08_Step_Definitions.us08_user_clicks_signIn_link(US_08_Step_Definitions.java:38)
	at ✽.us08 user clicks signIn link(file:///C:/Users/TTR/IdeaProjects/gmibankproject/src/test/resources/features/us_08.feature:7)
]]></failure>
</testcase>
<testcase classname="US_08 Password segment on Homepage should be editable" name="There should be at least 1 special char for stronger password" time="12.348">
<failure message="no such element: Unable to locate element: {&quot;method&quot;:&quot;css selector&quot;,&quot;selector&quot;:&quot;#username&quot;}&#10;  (Session info: chrome=86.0.4240.193)&#10;For documentation on this error, please visit: https://www.seleniumhq.org/exceptions/no_such_element.html&#10;Build info: version: '3.141.59', revision: 'e82be7d358', time: '2018-11-14T08:17:03'&#10;System info: host: 'LAPTOP-GIHN8273', ip: '192.168.0.34', os.name: 'Windows 10', os.arch: 'amd64', os.version: '10.0', java.version: '1.8.0_241'&#10;Driver info: org.openqa.selenium.chrome.ChromeDriver&#10;Capabilities {acceptInsecureCerts: false, browserName: chrome, browserVersion: 86.0.4240.193, chrome: {chromedriverVersion: 86.0.4240.22 (398b0743353ff..., userDataDir: C:\Users\TTR\AppData\Local\...}, goog:chromeOptions: {debuggerAddress: localhost:61339}, javascriptEnabled: true, networkConnectionEnabled: false, pageLoadStrategy: normal, platform: WINDOWS, platformName: WINDOWS, proxy: Proxy(), setWindowRect: true, strictFileInteractability: false, timeouts: {implicit: 0, pageLoad: 300000, script: 30000}, unhandledPromptBehavior: dismiss and notify, webauthn:virtualAuthenticators: true}&#10;Session ID: f13466289e98d2d86ffdeb2200a11cdb&#10;*** Element info: {Using=id, value=username}" type="org.openqa.selenium.NoSuchElementException"><![CDATA[Given us08 user enters gmibank homepage.....................................passed
Then us08 user clicks userEntry icon........................................passed
Then us08 user clicks signIn link...........................................passed
Then us08 user enters admin username "USER1"................................failed
Then us08 user enters admin password "User123_".............................skipped
Then us08 user clicks signIn button.........................................skipped
Then user clicks password link..............................................skipped
Given testcasefive user clicks password link and user writes one random special character.skipped
Then testcasefive user writes six lower cases and sees the change of password scales.skipped
Then testcasefive user writes six upper cases and sees the change of password scales.skipped
Then testcasefive user writes six digits and sees the change of password scales.skipped
Then user signOut...........................................................skipped

StackTrace:
org.openqa.selenium.NoSuchElementException: no such element: Unable to locate element: {"method":"css selector","selector":"#username"}
  (Session info: chrome=86.0.4240.193)
For documentation on this error, please visit: https://www.seleniumhq.org/exceptions/no_such_element.html
Build info: version: '3.141.59', revision: 'e82be7d358', time: '2018-11-14T08:17:03'
System info: host: 'LAPTOP-GIHN8273', ip: '192.168.0.34', os.name: 'Windows 10', os.arch: 'amd64', os.version: '10.0', java.version: '1.8.0_241'
Driver info: org.openqa.selenium.chrome.ChromeDriver
Capabilities {acceptInsecureCerts: false, browserName: chrome, browserVersion: 86.0.4240.193, chrome: {chromedriverVersion: 86.0.4240.22 (398b0743353ff..., userDataDir: C:\Users\TTR\AppData\Local\...}, goog:chromeOptions: {debuggerAddress: localhost:61339}, javascriptEnabled: true, networkConnectionEnabled: false, pageLoadStrategy: normal, platform: WINDOWS, platformName: WINDOWS, proxy: Proxy(), setWindowRect: true, strictFileInteractability: false, timeouts: {implicit: 0, pageLoad: 300000, script: 30000}, unhandledPromptBehavior: dismiss and notify, webauthn:virtualAuthenticators: true}
Session ID: f13466289e98d2d86ffdeb2200a11cdb
*** Element info: {Using=id, value=username}
	at sun.reflect.NativeConstructorAccessorImpl.newInstance0(Native Method)
	at sun.reflect.NativeConstructorAccessorImpl.newInstance(NativeConstructorAccessorImpl.java:62)
	at sun.reflect.DelegatingConstructorAccessorImpl.newInstance(DelegatingConstructorAccessorImpl.java:45)
	at java.lang.reflect.Constructor.newInstance(Constructor.java:423)
	at org.openqa.selenium.remote.http.W3CHttpResponseCodec.createException(W3CHttpResponseCodec.java:187)
	at org.openqa.selenium.remote.http.W3CHttpResponseCodec.decode(W3CHttpResponseCodec.java:122)
	at org.openqa.selenium.remote.http.W3CHttpResponseCodec.decode(W3CHttpResponseCodec.java:49)
	at org.openqa.selenium.remote.HttpCommandExecutor.execute(HttpCommandExecutor.java:158)
	at org.openqa.selenium.remote.service.DriverCommandExecutor.execute(DriverCommandExecutor.java:83)
	at org.openqa.selenium.remote.RemoteWebDriver.execute(RemoteWebDriver.java:552)
	at org.openqa.selenium.remote.RemoteWebDriver.findElement(RemoteWebDriver.java:323)
	at org.openqa.selenium.remote.RemoteWebDriver.findElementById(RemoteWebDriver.java:372)
	at org.openqa.selenium.By$ById.findElement(By.java:188)
	at org.openqa.selenium.remote.RemoteWebDriver.findElement(RemoteWebDriver.java:315)
	at org.openqa.selenium.support.pagefactory.DefaultElementLocator.findElement(DefaultElementLocator.java:69)
	at org.openqa.selenium.support.pagefactory.internal.LocatingElementHandler.invoke(LocatingElementHandler.java:38)
	at com.sun.proxy.$Proxy17.sendKeys(Unknown Source)
	at gmibank.stepdefinitions.US_08_Step_Definitions.us08_user_enters_admin_username(US_08_Step_Definitions.java:43)
	at ✽.us08 user enters admin username "USER1"(file:///C:/Users/TTR/IdeaProjects/gmibankproject/src/test/resources/features/us_08.feature:8)
]]></failure>
</testcase>
<testcase classname="US_08 Password segment on Homepage should be editable" name="There should be at least 7 chars for a stronger password" time="12.195">
<failure message="no such element: Unable to locate element: {&quot;method&quot;:&quot;xpath&quot;,&quot;selector&quot;:&quot;//span[.='Sign in']&quot;}&#10;  (Session info: chrome=86.0.4240.193)&#10;For documentation on this error, please visit: https://www.seleniumhq.org/exceptions/no_such_element.html&#10;Build info: version: '3.141.59', revision: 'e82be7d358', time: '2018-11-14T08:17:03'&#10;System info: host: 'LAPTOP-GIHN8273', ip: '192.168.0.34', os.name: 'Windows 10', os.arch: 'amd64', os.version: '10.0', java.version: '1.8.0_241'&#10;Driver info: org.openqa.selenium.chrome.ChromeDriver&#10;Capabilities {acceptInsecureCerts: false, browserName: chrome, browserVersion: 86.0.4240.193, chrome: {chromedriverVersion: 86.0.4240.22 (398b0743353ff..., userDataDir: C:\Users\TTR\AppData\Local\...}, goog:chromeOptions: {debuggerAddress: localhost:61339}, javascriptEnabled: true, networkConnectionEnabled: false, pageLoadStrategy: normal, platform: WINDOWS, platformName: WINDOWS, proxy: Proxy(), setWindowRect: true, strictFileInteractability: false, timeouts: {implicit: 0, pageLoad: 300000, script: 30000}, unhandledPromptBehavior: dismiss and notify, webauthn:virtualAuthenticators: true}&#10;Session ID: f13466289e98d2d86ffdeb2200a11cdb&#10;*** Element info: {Using=xpath, value=//span[.='Sign in']}" type="org.openqa.selenium.NoSuchElementException"><![CDATA[Given us08 user enters gmibank homepage.....................................passed
Then us08 user clicks userEntry icon........................................passed
Then us08 user clicks signIn link...........................................failed
Then us08 user enters admin username "USER1"................................skipped
Then us08 user enters admin password "User123_".............................skipped
Then us08 user clicks signIn button.........................................skipped
Then user clicks password link..............................................skipped
Given user clicks password link and writes one random uppercase, lowercase, digit and special char.skipped
And user writes two lower cases and doesn't see the change of password scales.skipped
And user write one more lower cases and sees to changing....................skipped
And user writes two upper cases and doesn't see the change of password scales.skipped
And user write one more upper cases and sees to changing....................skipped
And user writes two digits and doesn't see the change of password scales....skipped
And user write one more digits and sees to changing.........................skipped
And user writes two special chars and doesn't see the change of password scales.skipped
Then user write one more special chars and sees to changing.................skipped
Then user signOut...........................................................skipped

StackTrace:
org.openqa.selenium.NoSuchElementException: no such element: Unable to locate element: {"method":"xpath","selector":"//span[.='Sign in']"}
  (Session info: chrome=86.0.4240.193)
For documentation on this error, please visit: https://www.seleniumhq.org/exceptions/no_such_element.html
Build info: version: '3.141.59', revision: 'e82be7d358', time: '2018-11-14T08:17:03'
System info: host: 'LAPTOP-GIHN8273', ip: '192.168.0.34', os.name: 'Windows 10', os.arch: 'amd64', os.version: '10.0', java.version: '1.8.0_241'
Driver info: org.openqa.selenium.chrome.ChromeDriver
Capabilities {acceptInsecureCerts: false, browserName: chrome, browserVersion: 86.0.4240.193, chrome: {chromedriverVersion: 86.0.4240.22 (398b0743353ff..., userDataDir: C:\Users\TTR\AppData\Local\...}, goog:chromeOptions: {debuggerAddress: localhost:61339}, javascriptEnabled: true, networkConnectionEnabled: false, pageLoadStrategy: normal, platform: WINDOWS, platformName: WINDOWS, proxy: Proxy(), setWindowRect: true, strictFileInteractability: false, timeouts: {implicit: 0, pageLoad: 300000, script: 30000}, unhandledPromptBehavior: dismiss and notify, webauthn:virtualAuthenticators: true}
Session ID: f13466289e98d2d86ffdeb2200a11cdb
*** Element info: {Using=xpath, value=//span[.='Sign in']}
	at sun.reflect.NativeConstructorAccessorImpl.newInstance0(Native Method)
	at sun.reflect.NativeConstructorAccessorImpl.newInstance(NativeConstructorAccessorImpl.java:62)
	at sun.reflect.DelegatingConstructorAccessorImpl.newInstance(DelegatingConstructorAccessorImpl.java:45)
	at java.lang.reflect.Constructor.newInstance(Constructor.java:423)
	at org.openqa.selenium.remote.http.W3CHttpResponseCodec.createException(W3CHttpResponseCodec.java:187)
	at org.openqa.selenium.remote.http.W3CHttpResponseCodec.decode(W3CHttpResponseCodec.java:122)
	at org.openqa.selenium.remote.http.W3CHttpResponseCodec.decode(W3CHttpResponseCodec.java:49)
	at org.openqa.selenium.remote.HttpCommandExecutor.execute(HttpCommandExecutor.java:158)
	at org.openqa.selenium.remote.service.DriverCommandExecutor.execute(DriverCommandExecutor.java:83)
	at org.openqa.selenium.remote.RemoteWebDriver.execute(RemoteWebDriver.java:552)
	at org.openqa.selenium.remote.RemoteWebDriver.findElement(RemoteWebDriver.java:323)
	at org.openqa.selenium.remote.RemoteWebDriver.findElementByXPath(RemoteWebDriver.java:428)
	at org.openqa.selenium.By$ByXPath.findElement(By.java:353)
	at org.openqa.selenium.remote.RemoteWebDriver.findElement(RemoteWebDriver.java:315)
	at org.openqa.selenium.support.pagefactory.DefaultElementLocator.findElement(DefaultElementLocator.java:69)
	at org.openqa.selenium.support.pagefactory.internal.LocatingElementHandler.invoke(LocatingElementHandler.java:38)
	at com.sun.proxy.$Proxy17.click(Unknown Source)
	at gmibank.stepdefinitions.US_08_Step_Definitions.us08_user_clicks_signIn_link(US_08_Step_Definitions.java:38)
	at ✽.us08 user clicks signIn link(file:///C:/Users/TTR/IdeaProjects/gmibankproject/src/test/resources/features/us_08.feature:7)
]]></failure>
</testcase>
<testcase classname="US_08 Password segment on Homepage should be editable" name="The new password should be confirmed" time="12.491">
<failure message="no such element: Unable to locate element: {&quot;method&quot;:&quot;xpath&quot;,&quot;selector&quot;:&quot;//span[.='Sign in']&quot;}&#10;  (Session info: chrome=86.0.4240.193)&#10;For documentation on this error, please visit: https://www.seleniumhq.org/exceptions/no_such_element.html&#10;Build info: version: '3.141.59', revision: 'e82be7d358', time: '2018-11-14T08:17:03'&#10;System info: host: 'LAPTOP-GIHN8273', ip: '192.168.0.34', os.name: 'Windows 10', os.arch: 'amd64', os.version: '10.0', java.version: '1.8.0_241'&#10;Driver info: org.openqa.selenium.chrome.ChromeDriver&#10;Capabilities {acceptInsecureCerts: false, browserName: chrome, browserVersion: 86.0.4240.193, chrome: {chromedriverVersion: 86.0.4240.22 (398b0743353ff..., userDataDir: C:\Users\TTR\AppData\Local\...}, goog:chromeOptions: {debuggerAddress: localhost:61339}, javascriptEnabled: true, networkConnectionEnabled: false, pageLoadStrategy: normal, platform: WINDOWS, platformName: WINDOWS, proxy: Proxy(), setWindowRect: true, strictFileInteractability: false, timeouts: {implicit: 0, pageLoad: 300000, script: 30000}, unhandledPromptBehavior: dismiss and notify, webauthn:virtualAuthenticators: true}&#10;Session ID: f13466289e98d2d86ffdeb2200a11cdb&#10;*** Element info: {Using=xpath, value=//span[.='Sign in']}" type="org.openqa.selenium.NoSuchElementException"><![CDATA[Given us08 user enters gmibank homepage.....................................passed
Then us08 user clicks userEntry icon........................................passed
Then us08 user clicks signIn link...........................................failed
Then us08 user enters admin username "USER1"................................skipped
Then us08 user enters admin password "User123_".............................skipped
Then us08 user clicks signIn button.........................................skipped
Then user clicks password link..............................................skipped
Given user clicks password link and writes random password..................skipped
Then user saves new password................................................skipped

StackTrace:
org.openqa.selenium.NoSuchElementException: no such element: Unable to locate element: {"method":"xpath","selector":"//span[.='Sign in']"}
  (Session info: chrome=86.0.4240.193)
For documentation on this error, please visit: https://www.seleniumhq.org/exceptions/no_such_element.html
Build info: version: '3.141.59', revision: 'e82be7d358', time: '2018-11-14T08:17:03'
System info: host: 'LAPTOP-GIHN8273', ip: '192.168.0.34', os.name: 'Windows 10', os.arch: 'amd64', os.version: '10.0', java.version: '1.8.0_241'
Driver info: org.openqa.selenium.chrome.ChromeDriver
Capabilities {acceptInsecureCerts: false, browserName: chrome, browserVersion: 86.0.4240.193, chrome: {chromedriverVersion: 86.0.4240.22 (398b0743353ff..., userDataDir: C:\Users\TTR\AppData\Local\...}, goog:chromeOptions: {debuggerAddress: localhost:61339}, javascriptEnabled: true, networkConnectionEnabled: false, pageLoadStrategy: normal, platform: WINDOWS, platformName: WINDOWS, proxy: Proxy(), setWindowRect: true, strictFileInteractability: false, timeouts: {implicit: 0, pageLoad: 300000, script: 30000}, unhandledPromptBehavior: dismiss and notify, webauthn:virtualAuthenticators: true}
Session ID: f13466289e98d2d86ffdeb2200a11cdb
*** Element info: {Using=xpath, value=//span[.='Sign in']}
	at sun.reflect.NativeConstructorAccessorImpl.newInstance0(Native Method)
	at sun.reflect.NativeConstructorAccessorImpl.newInstance(NativeConstructorAccessorImpl.java:62)
	at sun.reflect.DelegatingConstructorAccessorImpl.newInstance(DelegatingConstructorAccessorImpl.java:45)
	at java.lang.reflect.Constructor.newInstance(Constructor.java:423)
	at org.openqa.selenium.remote.http.W3CHttpResponseCodec.createException(W3CHttpResponseCodec.java:187)
	at org.openqa.selenium.remote.http.W3CHttpResponseCodec.decode(W3CHttpResponseCodec.java:122)
	at org.openqa.selenium.remote.http.W3CHttpResponseCodec.decode(W3CHttpResponseCodec.java:49)
	at org.openqa.selenium.remote.HttpCommandExecutor.execute(HttpCommandExecutor.java:158)
	at org.openqa.selenium.remote.service.DriverCommandExecutor.execute(DriverCommandExecutor.java:83)
	at org.openqa.selenium.remote.RemoteWebDriver.execute(RemoteWebDriver.java:552)
	at org.openqa.selenium.remote.RemoteWebDriver.findElement(RemoteWebDriver.java:323)
	at org.openqa.selenium.remote.RemoteWebDriver.findElementByXPath(RemoteWebDriver.java:428)
	at org.openqa.selenium.By$ByXPath.findElement(By.java:353)
	at org.openqa.selenium.remote.RemoteWebDriver.findElement(RemoteWebDriver.java:315)
	at org.openqa.selenium.support.pagefactory.DefaultElementLocator.findElement(DefaultElementLocator.java:69)
	at org.openqa.selenium.support.pagefactory.internal.LocatingElementHandler.invoke(LocatingElementHandler.java:38)
	at com.sun.proxy.$Proxy17.click(Unknown Source)
	at gmibank.stepdefinitions.US_08_Step_Definitions.us08_user_clicks_signIn_link(US_08_Step_Definitions.java:38)
	at ✽.us08 user clicks signIn link(file:///C:/Users/TTR/IdeaProjects/gmibankproject/src/test/resources/features/us_08.feature:7)
]]></failure>
</testcase>
<testcase classname="US10 tests" name="zipcode positive test" time="5.704">
<system-out><![CDATA[Given user enters gmibank homepage..........................................passed
Then user clicks userEntry icon.............................................passed
Then user clicks signIn link................................................passed
Then user enters admin username "sametyaprak"...............................passed
Then user enters admin password "Ankara06"..................................passed
Then user clicks signIn button..............................................passed
And user clicks myOperations link...........................................passed
And user clicks manageCostomers link........................................passed
And user clicks createNewCustomer link......................................passed
Given user send data to zipcode box "123456"................................passed
Then user verifies valid data entry to zipcode box..........................passed
Then user signOut...........................................................passed
]]></system-out>
</testcase>
<testcase classname="US10 tests" name="zipcode positive test 2" time="4.944">
<system-out><![CDATA[Given user enters gmibank homepage..........................................passed
Then user clicks userEntry icon.............................................passed
Then user clicks signIn link................................................passed
Then user enters admin username "sametyaprak"...............................passed
Then user enters admin password "Ankara06"..................................passed
Then user clicks signIn button..............................................passed
And user clicks myOperations link...........................................passed
And user clicks manageCostomers link........................................passed
And user clicks createNewCustomer link......................................passed
Given user send data to zipcode box "asdasd"................................passed
Then user verifies valid data entry to zipcode box..........................passed
Then user signOut...........................................................passed
]]></system-out>
</testcase>
<testcase classname="US10 tests" name="zipcode positive test 3" time="4.906">
<system-out><![CDATA[Given user enters gmibank homepage..........................................passed
Then user clicks userEntry icon.............................................passed
Then user clicks signIn link................................................passed
Then user enters admin username "sametyaprak"...............................passed
Then user enters admin password "Ankara06"..................................passed
Then user clicks signIn button..............................................passed
And user clicks myOperations link...........................................passed
And user clicks manageCostomers link........................................passed
And user clicks createNewCustomer link......................................passed
Given user send data to zipcode box "das455"................................passed
Then user verifies valid data entry to zipcode box..........................passed
Then user signOut...........................................................passed
]]></system-out>
</testcase>
<testcase classname="US10 tests" name="zipcode positive test 4" time="5.025">
<system-out><![CDATA[Given user enters gmibank homepage..........................................passed
Then user clicks userEntry icon.............................................passed
Then user clicks signIn link................................................passed
Then user enters admin username "sametyaprak"...............................passed
Then user enters admin password "Ankara06"..................................passed
Then user clicks signIn button..............................................passed
And user clicks myOperations link...........................................passed
And user clicks manageCostomers link........................................passed
And user clicks createNewCustomer link......................................passed
Given user send data to zipcode box "4a"....................................passed
Then user verifies valid data entry to zipcode box..........................passed
Then user signOut...........................................................passed
]]></system-out>
</testcase>
<testcase classname="US10 tests" name="zipcode negative test" time="5.022">
<system-out><![CDATA[Given user enters gmibank homepage..........................................passed
Then user clicks userEntry icon.............................................passed
Then user clicks signIn link................................................passed
Then user enters admin username "sametyaprak"...............................passed
Then user enters admin password "Ankara06"..................................passed
Then user clicks signIn button..............................................passed
And user clicks myOperations link...........................................passed
And user clicks manageCostomers link........................................passed
And user clicks createNewCustomer link......................................passed
Given user send nothing to zipcode box......................................passed
Then user verifies invalid zipcode data entry...............................passed
Then user signOut...........................................................passed
]]></system-out>
</testcase>
<testcase classname="US10 tests" name="adress positive test" time="5.933">
<system-out><![CDATA[Given user enters gmibank homepage..........................................passed
Then user clicks userEntry icon.............................................passed
Then user clicks signIn link................................................passed
Then user enters admin username "sametyaprak"...............................passed
Then user enters admin password "Ankara06"..................................passed
Then user clicks signIn button..............................................passed
And user clicks myOperations link...........................................passed
And user clicks manageCostomers link........................................passed
And user clicks createNewCustomer link......................................passed
Given user send data to adress box "123456".................................passed
Then user verifies valid data entry to adress box...........................passed
Then user signOut...........................................................passed
]]></system-out>
</testcase>
<testcase classname="US10 tests" name="adress positive test 2" time="5.329">
<system-out><![CDATA[Given user enters gmibank homepage..........................................passed
Then user clicks userEntry icon.............................................passed
Then user clicks signIn link................................................passed
Then user enters admin username "sametyaprak"...............................passed
Then user enters admin password "Ankara06"..................................passed
Then user clicks signIn button..............................................passed
And user clicks myOperations link...........................................passed
And user clicks manageCostomers link........................................passed
And user clicks createNewCustomer link......................................passed
Given user send data to adress box "asdasd".................................passed
Then user verifies valid data entry to adress box...........................passed
Then user signOut...........................................................passed
]]></system-out>
</testcase>
<testcase classname="US10 tests" name="adress positive test 3" time="5.051">
<system-out><![CDATA[Given user enters gmibank homepage..........................................passed
Then user clicks userEntry icon.............................................passed
Then user clicks signIn link................................................passed
Then user enters admin username "sametyaprak"...............................passed
Then user enters admin password "Ankara06"..................................passed
Then user clicks signIn button..............................................passed
And user clicks myOperations link...........................................passed
And user clicks manageCostomers link........................................passed
And user clicks createNewCustomer link......................................passed
Given user send data to adress box "das455".................................passed
Then user verifies valid data entry to adress box...........................passed
Then user signOut...........................................................passed
]]></system-out>
</testcase>
<testcase classname="US10 tests" name="adress positive test 4" time="5.107">
<system-out><![CDATA[Given user enters gmibank homepage..........................................passed
Then user clicks userEntry icon.............................................passed
Then user clicks signIn link................................................passed
Then user enters admin username "sametyaprak"...............................passed
Then user enters admin password "Ankara06"..................................passed
Then user clicks signIn button..............................................passed
And user clicks myOperations link...........................................passed
And user clicks manageCostomers link........................................passed
And user clicks createNewCustomer link......................................passed
Given user send data to adress box "4a".....................................passed
Then user verifies valid data entry to adress box...........................passed
Then user signOut...........................................................passed
]]></system-out>
</testcase>
<testcase classname="US10 tests" name="adress negative test" time="4.89">
<system-out><![CDATA[Given user enters gmibank homepage..........................................passed
Then user clicks userEntry icon.............................................passed
Then user clicks signIn link................................................passed
Then user enters admin username "sametyaprak"...............................passed
Then user enters admin password "Ankara06"..................................passed
Then user clicks signIn button..............................................passed
And user clicks myOperations link...........................................passed
And user clicks manageCostomers link........................................passed
And user clicks createNewCustomer link......................................passed
Given user send nothing to adress box.......................................passed
Then user verifies invalid acress data entry................................passed
Then user signOut...........................................................passed
]]></system-out>
</testcase>
<testcase classname="US10 tests" name="city positive test" time="5.154">
<system-out><![CDATA[Given user enters gmibank homepage..........................................passed
Then user clicks userEntry icon.............................................passed
Then user clicks signIn link................................................passed
Then user enters admin username "sametyaprak"...............................passed
Then user enters admin password "Ankara06"..................................passed
Then user clicks signIn button..............................................passed
And user clicks myOperations link...........................................passed
And user clicks manageCostomers link........................................passed
And user clicks createNewCustomer link......................................passed
Given user send data to city box "123456"...................................passed
Then user verifies valid data entry to city box.............................passed
Then user signOut...........................................................passed
]]></system-out>
</testcase>
<testcase classname="US10 tests" name="city positive test 2" time="5.098">
<system-out><![CDATA[Given user enters gmibank homepage..........................................passed
Then user clicks userEntry icon.............................................passed
Then user clicks signIn link................................................passed
Then user enters admin username "sametyaprak"...............................passed
Then user enters admin password "Ankara06"..................................passed
Then user clicks signIn button..............................................passed
And user clicks myOperations link...........................................passed
And user clicks manageCostomers link........................................passed
And user clicks createNewCustomer link......................................passed
Given user send data to city box "asdasd"...................................passed
Then user verifies valid data entry to city box.............................passed
Then user signOut...........................................................passed
]]></system-out>
</testcase>
<testcase classname="US10 tests" name="city positive test 3" time="5.079">
<system-out><![CDATA[Given user enters gmibank homepage..........................................passed
Then user clicks userEntry icon.............................................passed
Then user clicks signIn link................................................passed
Then user enters admin username "sametyaprak"...............................passed
Then user enters admin password "Ankara06"..................................passed
Then user clicks signIn button..............................................passed
And user clicks myOperations link...........................................passed
And user clicks manageCostomers link........................................passed
And user clicks createNewCustomer link......................................passed
Given user send data to city box "das455"...................................passed
Then user verifies valid data entry to city box.............................passed
Then user signOut...........................................................passed
]]></system-out>
</testcase>
<testcase classname="US10 tests" name="city positive test 4" time="5.02">
<system-out><![CDATA[Given user enters gmibank homepage..........................................passed
Then user clicks userEntry icon.............................................passed
Then user clicks signIn link................................................passed
Then user enters admin username "sametyaprak"...............................passed
Then user enters admin password "Ankara06"..................................passed
Then user clicks signIn button..............................................passed
And user clicks myOperations link...........................................passed
And user clicks manageCostomers link........................................passed
And user clicks createNewCustomer link......................................passed
Given user send data to city box "4a".......................................passed
Then user verifies valid data entry to city box.............................passed
Then user signOut...........................................................passed
]]></system-out>
</testcase>
<testcase classname="US10 tests" name="city negative test" time="5.018">
<system-out><![CDATA[Given user enters gmibank homepage..........................................passed
Then user clicks userEntry icon.............................................passed
Then user clicks signIn link................................................passed
Then user enters admin username "sametyaprak"...............................passed
Then user enters admin password "Ankara06"..................................passed
Then user clicks signIn button..............................................passed
And user clicks myOperations link...........................................passed
And user clicks manageCostomers link........................................passed
And user clicks createNewCustomer link......................................passed
Given user send nothing to city box.........................................passed
Then user verifies invalid city data entry..................................passed
Then user signOut...........................................................passed
]]></system-out>
</testcase>
<testcase classname="US10 tests" name="country positive test" time="5.232">
<system-out><![CDATA[Given user enters gmibank homepage..........................................passed
Then user clicks userEntry icon.............................................passed
Then user clicks signIn link................................................passed
Then user enters admin username "sametyaprak"...............................passed
Then user enters admin password "Ankara06"..................................passed
Then user clicks signIn button..............................................passed
And user clicks myOperations link...........................................passed
And user clicks manageCostomers link........................................passed
And user clicks createNewCustomer link......................................passed
Given user select a country from dropbox....................................passed
Then user verifies a country can be selected................................passed
Then user signOut...........................................................passed
]]></system-out>
</testcase>
<testcase classname="US10 tests" name="state positive test" time="5.034">
<system-out><![CDATA[Given user enters gmibank homepage..........................................passed
Then user clicks userEntry icon.............................................passed
Then user clicks signIn link................................................passed
Then user enters admin username "sametyaprak"...............................passed
Then user enters admin password "Ankara06"..................................passed
Then user clicks signIn button..............................................passed
And user clicks myOperations link...........................................passed
And user clicks manageCostomers link........................................passed
And user clicks createNewCustomer link......................................passed
Given user send data to state box "123456"..................................passed
Then user verifies valid data entry to state box............................passed
Then user signOut...........................................................passed
]]></system-out>
</testcase>
<testcase classname="US10 tests" name="state positive test 2" time="5.204">
<system-out><![CDATA[Given user enters gmibank homepage..........................................passed
Then user clicks userEntry icon.............................................passed
Then user clicks signIn link................................................passed
Then user enters admin username "sametyaprak"...............................passed
Then user enters admin password "Ankara06"..................................passed
Then user clicks signIn button..............................................passed
And user clicks myOperations link...........................................passed
And user clicks manageCostomers link........................................passed
And user clicks createNewCustomer link......................................passed
Given user send data to state box "asdasd"..................................passed
Then user verifies valid data entry to state box............................passed
Then user signOut...........................................................passed
]]></system-out>
</testcase>
<testcase classname="US10 tests" name="state positive test 3" time="5.159">
<system-out><![CDATA[Given user enters gmibank homepage..........................................passed
Then user clicks userEntry icon.............................................passed
Then user clicks signIn link................................................passed
Then user enters admin username "sametyaprak"...............................passed
Then user enters admin password "Ankara06"..................................passed
Then user clicks signIn button..............................................passed
And user clicks myOperations link...........................................passed
And user clicks manageCostomers link........................................passed
And user clicks createNewCustomer link......................................passed
Given user send data to state box "das455"..................................passed
Then user verifies valid data entry to state box............................passed
Then user signOut...........................................................passed
]]></system-out>
</testcase>
<testcase classname="US10 tests" name="state positive test 4" time="4.932">
<system-out><![CDATA[Given user enters gmibank homepage..........................................passed
Then user clicks userEntry icon.............................................passed
Then user clicks signIn link................................................passed
Then user enters admin username "sametyaprak"...............................passed
Then user enters admin password "Ankara06"..................................passed
Then user clicks signIn button..............................................passed
And user clicks myOperations link...........................................passed
And user clicks manageCostomers link........................................passed
And user clicks createNewCustomer link......................................passed
Given user send data to state box "4a"......................................passed
Then user verifies valid data entry to state box............................passed
Then user signOut...........................................................passed
]]></system-out>
</testcase>
<testcase classname="US_11 tests" name="Create Date negative test (for in the past)" time="4.111">
<system-out><![CDATA[Given user enters gmibank homepage..........................................passed
And user clicks userEntry icon..............................................passed
And user clicks signIn link.................................................passed
Then user enters admin username "joseph37"..................................passed
Then user enters admin password "1234567"...................................passed
Then user clicks signIn button..............................................passed
And user clicks myOperations link...........................................passed
And user clicks manageCostomers link........................................passed
And user clicks createNewCustomer link......................................passed
Given user send data to date box "12.12.2015 12:00".........................passed
Then user verifies valid data entry to Create Date box......................passed
Then user signOut...........................................................passed
]]></system-out>
</testcase>
<testcase classname="US_11 tests" name="Create Date negative test (for in the past) 2" time="4.16">
<system-out><![CDATA[Given user enters gmibank homepage..........................................passed
And user clicks userEntry icon..............................................passed
And user clicks signIn link.................................................passed
Then user enters admin username "joseph37"..................................passed
Then user enters admin password "1234567"...................................passed
Then user clicks signIn button..............................................passed
And user clicks myOperations link...........................................passed
And user clicks manageCostomers link........................................passed
And user clicks createNewCustomer link......................................passed
Given user send data to date box "01.20.2020 11:15".........................passed
Then user verifies valid data entry to Create Date box......................passed
Then user signOut...........................................................passed
]]></system-out>
</testcase>
<testcase classname="US_11 tests" name="TC_1102 Date format negative test" time="4.743">
<system-out><![CDATA[Given user enters gmibank homepage..........................................passed
And user clicks userEntry icon..............................................passed
And user clicks signIn link.................................................passed
Then user enters admin username "joseph37"..................................passed
Then user enters admin password "1234567"...................................passed
Then user clicks signIn button..............................................passed
And user clicks myOperations link...........................................passed
And user clicks manageCostomers link........................................passed
And user clicks createNewCustomer link......................................passed
Given user send invalid data format to date box "01.12.2020"................passed
Then user verifies invalid data entry to Create Date box....................passed
Then user signOut...........................................................passed
]]></system-out>
</testcase>
<testcase classname="US_11 tests" name="TC_1102 Date format negative test 2" time="4.042">
<system-out><![CDATA[Given user enters gmibank homepage..........................................passed
And user clicks userEntry icon..............................................passed
And user clicks signIn link.................................................passed
Then user enters admin username "joseph37"..................................passed
Then user enters admin password "1234567"...................................passed
Then user clicks signIn button..............................................passed
And user clicks myOperations link...........................................passed
And user clicks manageCostomers link........................................passed
And user clicks createNewCustomer link......................................passed
Given user send invalid data format to date box "01.20.2021 11".............passed
Then user verifies invalid data entry to Create Date box....................passed
Then user signOut...........................................................passed
]]></system-out>
</testcase>
<testcase classname="US_11 tests" name="TC_1102 Date format negative test 3" time="4.013">
<system-out><![CDATA[Given user enters gmibank homepage..........................................passed
And user clicks userEntry icon..............................................passed
And user clicks signIn link.................................................passed
Then user enters admin username "joseph37"..................................passed
Then user enters admin password "1234567"...................................passed
Then user clicks signIn button..............................................passed
And user clicks myOperations link...........................................passed
And user clicks manageCostomers link........................................passed
And user clicks createNewCustomer link......................................passed
Given user send invalid data format to date box "11.2021 09:30".............passed
Then user verifies invalid data entry to Create Date box....................passed
Then user signOut...........................................................passed
]]></system-out>
</testcase>
<testcase classname="US_11 tests" name="TC_1103 Date format pozitive test" time="4.046">
<system-out><![CDATA[Given user enters gmibank homepage..........................................passed
And user clicks userEntry icon..............................................passed
And user clicks signIn link.................................................passed
Then user enters admin username "joseph37"..................................passed
Then user enters admin password "1234567"...................................passed
Then user clicks signIn button..............................................passed
And user clicks myOperations link...........................................passed
And user clicks manageCostomers link........................................passed
And user clicks createNewCustomer link......................................passed
Given user send valid data format to date box "12.30.2020 12:00"............passed
Then user verifies valid date format to Create Date box.....................passed
Then user signOut...........................................................passed
]]></system-out>
</testcase>
<testcase classname="US_11 tests" name="TC_1103 Date format pozitive test 2" time="4.08">
<system-out><![CDATA[Given user enters gmibank homepage..........................................passed
And user clicks userEntry icon..............................................passed
And user clicks signIn link.................................................passed
Then user enters admin username "joseph37"..................................passed
Then user enters admin password "1234567"...................................passed
Then user clicks signIn button..............................................passed
And user clicks myOperations link...........................................passed
And user clicks manageCostomers link........................................passed
And user clicks createNewCustomer link......................................passed
Given user send valid data format to date box "01.21.2021 11:15"............passed
Then user verifies valid date format to Create Date box.....................passed
Then user signOut...........................................................passed
]]></system-out>
</testcase>
<testcase classname="US_11 tests" name="User positive test" time="6.261">
<system-out><![CDATA[Given user enters gmibank homepage..........................................passed
And user clicks userEntry icon..............................................passed
And user clicks signIn link.................................................passed
Then user enters admin username "joseph37"..................................passed
Then user enters admin password "1234567"...................................passed
Then user clicks signIn button..............................................passed
And user clicks myOperations link...........................................passed
And user clicks manageCostomers link........................................passed
And user clicks createNewCustomer link......................................passed
Given user select a user from dropbox.......................................passed
Then user verifies a user can be selected...................................passed
Then user signOut...........................................................passed
]]></system-out>
</testcase>
<testcase classname="US_11 tests" name="Account positive test" time="3.495">
<failure message="Cannot locate option with index: 5&#10;For documentation on this error, please visit: https://www.seleniumhq.org/exceptions/no_such_element.html&#10;Build info: version: '3.141.59', revision: 'e82be7d358', time: '2018-11-14T08:17:03'&#10;System info: host: 'LAPTOP-GIHN8273', ip: '192.168.0.34', os.name: 'Windows 10', os.arch: 'amd64', os.version: '10.0', java.version: '1.8.0_241'&#10;Driver info: driver.version: unknown" type="org.openqa.selenium.NoSuchElementException"><![CDATA[Given user enters gmibank homepage..........................................passed
And user clicks userEntry icon..............................................passed
And user clicks signIn link.................................................passed
Then user enters admin username "joseph37"..................................passed
Then user enters admin password "1234567"...................................passed
Then user clicks signIn button..............................................passed
And user clicks myOperations link...........................................passed
And user clicks manageCostomers link........................................passed
And user clicks createNewCustomer link......................................passed
Given user select an account from dropbox...................................failed
Then user verifies an account can be selected...............................skipped
Then user signOut...........................................................skipped

StackTrace:
org.openqa.selenium.NoSuchElementException: Cannot locate option with index: 5
For documentation on this error, please visit: https://www.seleniumhq.org/exceptions/no_such_element.html
Build info: version: '3.141.59', revision: 'e82be7d358', time: '2018-11-14T08:17:03'
System info: host: 'LAPTOP-GIHN8273', ip: '192.168.0.34', os.name: 'Windows 10', os.arch: 'amd64', os.version: '10.0', java.version: '1.8.0_241'
Driver info: driver.version: unknown
	at org.openqa.selenium.support.ui.Select.setSelectedByIndex(Select.java:297)
	at org.openqa.selenium.support.ui.Select.selectByIndex(Select.java:172)
	at gmibank.stepdefinitions.US_11_Step_Definitions.user_select_an_account_from_dropbox(US_11_Step_Definitions.java:84)
	at ✽.user select an account from dropbox(file:///C:/Users/TTR/IdeaProjects/gmibankproject/src/test/resources/features/us_11.feature:55)
]]></failure>
</testcase>
<testcase classname="US_11 tests" name="Zelle Enrolled option checkbox pozitive test" time="12.718">
<failure message="no such element: Unable to locate element: {&quot;method&quot;:&quot;xpath&quot;,&quot;selector&quot;:&quot;//span[.='Sign in']&quot;}&#10;  (Session info: chrome=86.0.4240.193)&#10;For documentation on this error, please visit: https://www.seleniumhq.org/exceptions/no_such_element.html&#10;Build info: version: '3.141.59', revision: 'e82be7d358', time: '2018-11-14T08:17:03'&#10;System info: host: 'LAPTOP-GIHN8273', ip: '192.168.0.34', os.name: 'Windows 10', os.arch: 'amd64', os.version: '10.0', java.version: '1.8.0_241'&#10;Driver info: org.openqa.selenium.chrome.ChromeDriver&#10;Capabilities {acceptInsecureCerts: false, browserName: chrome, browserVersion: 86.0.4240.193, chrome: {chromedriverVersion: 86.0.4240.22 (398b0743353ff..., userDataDir: C:\Users\TTR\AppData\Local\...}, goog:chromeOptions: {debuggerAddress: localhost:61339}, javascriptEnabled: true, networkConnectionEnabled: false, pageLoadStrategy: normal, platform: WINDOWS, platformName: WINDOWS, proxy: Proxy(), setWindowRect: true, strictFileInteractability: false, timeouts: {implicit: 0, pageLoad: 300000, script: 30000}, unhandledPromptBehavior: dismiss and notify, webauthn:virtualAuthenticators: true}&#10;Session ID: f13466289e98d2d86ffdeb2200a11cdb&#10;*** Element info: {Using=xpath, value=//span[.='Sign in']}" type="org.openqa.selenium.NoSuchElementException"><![CDATA[Given user enters gmibank homepage..........................................passed
And user clicks userEntry icon..............................................passed
And user clicks signIn link.................................................failed
Then user enters admin username "joseph37"..................................skipped
Then user enters admin password "1234567"...................................skipped
Then user clicks signIn button..............................................skipped
And user clicks myOperations link...........................................skipped
And user clicks manageCostomers link........................................skipped
And user clicks createNewCustomer link......................................skipped
Given user select Zelle Enrolled checkbox...................................skipped
Then user clicks on save button.............................................skipped
Then user verifies is selected..............................................skipped
Then user signOut...........................................................skipped

StackTrace:
org.openqa.selenium.NoSuchElementException: no such element: Unable to locate element: {"method":"xpath","selector":"//span[.='Sign in']"}
  (Session info: chrome=86.0.4240.193)
For documentation on this error, please visit: https://www.seleniumhq.org/exceptions/no_such_element.html
Build info: version: '3.141.59', revision: 'e82be7d358', time: '2018-11-14T08:17:03'
System info: host: 'LAPTOP-GIHN8273', ip: '192.168.0.34', os.name: 'Windows 10', os.arch: 'amd64', os.version: '10.0', java.version: '1.8.0_241'
Driver info: org.openqa.selenium.chrome.ChromeDriver
Capabilities {acceptInsecureCerts: false, browserName: chrome, browserVersion: 86.0.4240.193, chrome: {chromedriverVersion: 86.0.4240.22 (398b0743353ff..., userDataDir: C:\Users\TTR\AppData\Local\...}, goog:chromeOptions: {debuggerAddress: localhost:61339}, javascriptEnabled: true, networkConnectionEnabled: false, pageLoadStrategy: normal, platform: WINDOWS, platformName: WINDOWS, proxy: Proxy(), setWindowRect: true, strictFileInteractability: false, timeouts: {implicit: 0, pageLoad: 300000, script: 30000}, unhandledPromptBehavior: dismiss and notify, webauthn:virtualAuthenticators: true}
Session ID: f13466289e98d2d86ffdeb2200a11cdb
*** Element info: {Using=xpath, value=//span[.='Sign in']}
	at sun.reflect.NativeConstructorAccessorImpl.newInstance0(Native Method)
	at sun.reflect.NativeConstructorAccessorImpl.newInstance(NativeConstructorAccessorImpl.java:62)
	at sun.reflect.DelegatingConstructorAccessorImpl.newInstance(DelegatingConstructorAccessorImpl.java:45)
	at java.lang.reflect.Constructor.newInstance(Constructor.java:423)
	at org.openqa.selenium.remote.http.W3CHttpResponseCodec.createException(W3CHttpResponseCodec.java:187)
	at org.openqa.selenium.remote.http.W3CHttpResponseCodec.decode(W3CHttpResponseCodec.java:122)
	at org.openqa.selenium.remote.http.W3CHttpResponseCodec.decode(W3CHttpResponseCodec.java:49)
	at org.openqa.selenium.remote.HttpCommandExecutor.execute(HttpCommandExecutor.java:158)
	at org.openqa.selenium.remote.service.DriverCommandExecutor.execute(DriverCommandExecutor.java:83)
	at org.openqa.selenium.remote.RemoteWebDriver.execute(RemoteWebDriver.java:552)
	at org.openqa.selenium.remote.RemoteWebDriver.findElement(RemoteWebDriver.java:323)
	at org.openqa.selenium.remote.RemoteWebDriver.findElementByXPath(RemoteWebDriver.java:428)
	at org.openqa.selenium.By$ByXPath.findElement(By.java:353)
	at org.openqa.selenium.remote.RemoteWebDriver.findElement(RemoteWebDriver.java:315)
	at org.openqa.selenium.support.pagefactory.DefaultElementLocator.findElement(DefaultElementLocator.java:69)
	at org.openqa.selenium.support.pagefactory.internal.LocatingElementHandler.invoke(LocatingElementHandler.java:38)
	at com.sun.proxy.$Proxy17.click(Unknown Source)
	at gmibank.stepdefinitions.US_10_Step_Definitions.user_clicks_signIn_link(US_10_Step_Definitions.java:21)
	at ✽.user clicks signIn link(file:///C:/Users/TTR/IdeaProjects/gmibankproject/src/test/resources/features/us_11.feature:7)
]]></failure>
</testcase>
<testcase classname="US14 tests" name="TC1401 manage accounts date selection today test" time="13.346">
<failure message="no such element: Unable to locate element: {&quot;method&quot;:&quot;xpath&quot;,&quot;selector&quot;:&quot;//span[.='Sign in']&quot;}&#10;  (Session info: chrome=86.0.4240.193)&#10;For documentation on this error, please visit: https://www.seleniumhq.org/exceptions/no_such_element.html&#10;Build info: version: '3.141.59', revision: 'e82be7d358', time: '2018-11-14T08:17:03'&#10;System info: host: 'LAPTOP-GIHN8273', ip: '192.168.0.34', os.name: 'Windows 10', os.arch: 'amd64', os.version: '10.0', java.version: '1.8.0_241'&#10;Driver info: org.openqa.selenium.chrome.ChromeDriver&#10;Capabilities {acceptInsecureCerts: false, browserName: chrome, browserVersion: 86.0.4240.193, chrome: {chromedriverVersion: 86.0.4240.22 (398b0743353ff..., userDataDir: C:\Users\TTR\AppData\Local\...}, goog:chromeOptions: {debuggerAddress: localhost:61339}, javascriptEnabled: true, networkConnectionEnabled: false, pageLoadStrategy: normal, platform: WINDOWS, platformName: WINDOWS, proxy: Proxy(), setWindowRect: true, strictFileInteractability: false, timeouts: {implicit: 0, pageLoad: 300000, script: 30000}, unhandledPromptBehavior: dismiss and notify, webauthn:virtualAuthenticators: true}&#10;Session ID: f13466289e98d2d86ffdeb2200a11cdb&#10;*** Element info: {Using=xpath, value=//span[.='Sign in']}" type="org.openqa.selenium.NoSuchElementException"><![CDATA[Given user enters gmibank homepage..........................................passed
And user clicks userEntry icon..............................................passed
And user clicks signIn link.................................................failed
And user enters admin username "karak"......................................skipped
And user enters admin password "DJabc21"....................................skipped
And user clicks signIn button...............................................skipped
Then user clicks myOperations link..........................................skipped
Given user clicks manageAccounts link21.....................................skipped
And user clicks createANewAccount link......................................skipped
And user sends an earlier date..............................................skipped
And user verifies date is an early date.....................................skipped
Then user signOut from Website..............................................skipped

StackTrace:
org.openqa.selenium.NoSuchElementException: no such element: Unable to locate element: {"method":"xpath","selector":"//span[.='Sign in']"}
  (Session info: chrome=86.0.4240.193)
For documentation on this error, please visit: https://www.seleniumhq.org/exceptions/no_such_element.html
Build info: version: '3.141.59', revision: 'e82be7d358', time: '2018-11-14T08:17:03'
System info: host: 'LAPTOP-GIHN8273', ip: '192.168.0.34', os.name: 'Windows 10', os.arch: 'amd64', os.version: '10.0', java.version: '1.8.0_241'
Driver info: org.openqa.selenium.chrome.ChromeDriver
Capabilities {acceptInsecureCerts: false, browserName: chrome, browserVersion: 86.0.4240.193, chrome: {chromedriverVersion: 86.0.4240.22 (398b0743353ff..., userDataDir: C:\Users\TTR\AppData\Local\...}, goog:chromeOptions: {debuggerAddress: localhost:61339}, javascriptEnabled: true, networkConnectionEnabled: false, pageLoadStrategy: normal, platform: WINDOWS, platformName: WINDOWS, proxy: Proxy(), setWindowRect: true, strictFileInteractability: false, timeouts: {implicit: 0, pageLoad: 300000, script: 30000}, unhandledPromptBehavior: dismiss and notify, webauthn:virtualAuthenticators: true}
Session ID: f13466289e98d2d86ffdeb2200a11cdb
*** Element info: {Using=xpath, value=//span[.='Sign in']}
	at sun.reflect.NativeConstructorAccessorImpl.newInstance0(Native Method)
	at sun.reflect.NativeConstructorAccessorImpl.newInstance(NativeConstructorAccessorImpl.java:62)
	at sun.reflect.DelegatingConstructorAccessorImpl.newInstance(DelegatingConstructorAccessorImpl.java:45)
	at java.lang.reflect.Constructor.newInstance(Constructor.java:423)
	at org.openqa.selenium.remote.http.W3CHttpResponseCodec.createException(W3CHttpResponseCodec.java:187)
	at org.openqa.selenium.remote.http.W3CHttpResponseCodec.decode(W3CHttpResponseCodec.java:122)
	at org.openqa.selenium.remote.http.W3CHttpResponseCodec.decode(W3CHttpResponseCodec.java:49)
	at org.openqa.selenium.remote.HttpCommandExecutor.execute(HttpCommandExecutor.java:158)
	at org.openqa.selenium.remote.service.DriverCommandExecutor.execute(DriverCommandExecutor.java:83)
	at org.openqa.selenium.remote.RemoteWebDriver.execute(RemoteWebDriver.java:552)
	at org.openqa.selenium.remote.RemoteWebDriver.findElement(RemoteWebDriver.java:323)
	at org.openqa.selenium.remote.RemoteWebDriver.findElementByXPath(RemoteWebDriver.java:428)
	at org.openqa.selenium.By$ByXPath.findElement(By.java:353)
	at org.openqa.selenium.remote.RemoteWebDriver.findElement(RemoteWebDriver.java:315)
	at org.openqa.selenium.support.pagefactory.DefaultElementLocator.findElement(DefaultElementLocator.java:69)
	at org.openqa.selenium.support.pagefactory.internal.LocatingElementHandler.invoke(LocatingElementHandler.java:38)
	at com.sun.proxy.$Proxy17.click(Unknown Source)
	at gmibank.stepdefinitions.US_10_Step_Definitions.user_clicks_signIn_link(US_10_Step_Definitions.java:21)
	at ✽.user clicks signIn link(file:///C:/Users/TTR/IdeaProjects/gmibankproject/src/test/resources/features/us_14.feature:7)
]]></failure>
</testcase>
<testcase classname="US14 tests" name="TC1402 manage accounts date selection positive test" time="12.95">
<failure message="no such element: Unable to locate element: {&quot;method&quot;:&quot;xpath&quot;,&quot;selector&quot;:&quot;//span[.='Sign in']&quot;}&#10;  (Session info: chrome=86.0.4240.193)&#10;For documentation on this error, please visit: https://www.seleniumhq.org/exceptions/no_such_element.html&#10;Build info: version: '3.141.59', revision: 'e82be7d358', time: '2018-11-14T08:17:03'&#10;System info: host: 'LAPTOP-GIHN8273', ip: '192.168.0.34', os.name: 'Windows 10', os.arch: 'amd64', os.version: '10.0', java.version: '1.8.0_241'&#10;Driver info: org.openqa.selenium.chrome.ChromeDriver&#10;Capabilities {acceptInsecureCerts: false, browserName: chrome, browserVersion: 86.0.4240.193, chrome: {chromedriverVersion: 86.0.4240.22 (398b0743353ff..., userDataDir: C:\Users\TTR\AppData\Local\...}, goog:chromeOptions: {debuggerAddress: localhost:61339}, javascriptEnabled: true, networkConnectionEnabled: false, pageLoadStrategy: normal, platform: WINDOWS, platformName: WINDOWS, proxy: Proxy(), setWindowRect: true, strictFileInteractability: false, timeouts: {implicit: 0, pageLoad: 300000, script: 30000}, unhandledPromptBehavior: dismiss and notify, webauthn:virtualAuthenticators: true}&#10;Session ID: f13466289e98d2d86ffdeb2200a11cdb&#10;*** Element info: {Using=xpath, value=//span[.='Sign in']}" type="org.openqa.selenium.NoSuchElementException"><![CDATA[Given user enters gmibank homepage..........................................passed
And user clicks userEntry icon..............................................passed
And user clicks signIn link.................................................failed
And user enters admin username "karak"......................................skipped
And user enters admin password "DJabc21"....................................skipped
And user clicks signIn button...............................................skipped
Then user clicks myOperations link..........................................skipped
Given user clicks manageAccounts link21.....................................skipped
And user clicks createANewAccount link......................................skipped
And user account send a date "12122020" and click tab.......................skipped
And user account send a time "1000" and user click tab......................skipped
And user account click tab..................................................skipped
And user account verifies valid data entry to Create Date box...............skipped
Then user signOut from Website..............................................skipped

StackTrace:
org.openqa.selenium.NoSuchElementException: no such element: Unable to locate element: {"method":"xpath","selector":"//span[.='Sign in']"}
  (Session info: chrome=86.0.4240.193)
For documentation on this error, please visit: https://www.seleniumhq.org/exceptions/no_such_element.html
Build info: version: '3.141.59', revision: 'e82be7d358', time: '2018-11-14T08:17:03'
System info: host: 'LAPTOP-GIHN8273', ip: '192.168.0.34', os.name: 'Windows 10', os.arch: 'amd64', os.version: '10.0', java.version: '1.8.0_241'
Driver info: org.openqa.selenium.chrome.ChromeDriver
Capabilities {acceptInsecureCerts: false, browserName: chrome, browserVersion: 86.0.4240.193, chrome: {chromedriverVersion: 86.0.4240.22 (398b0743353ff..., userDataDir: C:\Users\TTR\AppData\Local\...}, goog:chromeOptions: {debuggerAddress: localhost:61339}, javascriptEnabled: true, networkConnectionEnabled: false, pageLoadStrategy: normal, platform: WINDOWS, platformName: WINDOWS, proxy: Proxy(), setWindowRect: true, strictFileInteractability: false, timeouts: {implicit: 0, pageLoad: 300000, script: 30000}, unhandledPromptBehavior: dismiss and notify, webauthn:virtualAuthenticators: true}
Session ID: f13466289e98d2d86ffdeb2200a11cdb
*** Element info: {Using=xpath, value=//span[.='Sign in']}
	at sun.reflect.NativeConstructorAccessorImpl.newInstance0(Native Method)
	at sun.reflect.NativeConstructorAccessorImpl.newInstance(NativeConstructorAccessorImpl.java:62)
	at sun.reflect.DelegatingConstructorAccessorImpl.newInstance(DelegatingConstructorAccessorImpl.java:45)
	at java.lang.reflect.Constructor.newInstance(Constructor.java:423)
	at org.openqa.selenium.remote.http.W3CHttpResponseCodec.createException(W3CHttpResponseCodec.java:187)
	at org.openqa.selenium.remote.http.W3CHttpResponseCodec.decode(W3CHttpResponseCodec.java:122)
	at org.openqa.selenium.remote.http.W3CHttpResponseCodec.decode(W3CHttpResponseCodec.java:49)
	at org.openqa.selenium.remote.HttpCommandExecutor.execute(HttpCommandExecutor.java:158)
	at org.openqa.selenium.remote.service.DriverCommandExecutor.execute(DriverCommandExecutor.java:83)
	at org.openqa.selenium.remote.RemoteWebDriver.execute(RemoteWebDriver.java:552)
	at org.openqa.selenium.remote.RemoteWebDriver.findElement(RemoteWebDriver.java:323)
	at org.openqa.selenium.remote.RemoteWebDriver.findElementByXPath(RemoteWebDriver.java:428)
	at org.openqa.selenium.By$ByXPath.findElement(By.java:353)
	at org.openqa.selenium.remote.RemoteWebDriver.findElement(RemoteWebDriver.java:315)
	at org.openqa.selenium.support.pagefactory.DefaultElementLocator.findElement(DefaultElementLocator.java:69)
	at org.openqa.selenium.support.pagefactory.internal.LocatingElementHandler.invoke(LocatingElementHandler.java:38)
	at com.sun.proxy.$Proxy17.click(Unknown Source)
	at gmibank.stepdefinitions.US_10_Step_Definitions.user_clicks_signIn_link(US_10_Step_Definitions.java:21)
	at ✽.user clicks signIn link(file:///C:/Users/TTR/IdeaProjects/gmibankproject/src/test/resources/features/us_14.feature:7)
]]></failure>
</testcase>
<testcase classname="US14 tests" name="TC1403 manage customers date selection positive test" time="13.188">
<failure message="no such element: Unable to locate element: {&quot;method&quot;:&quot;xpath&quot;,&quot;selector&quot;:&quot;//span[.='Sign in']&quot;}&#10;  (Session info: chrome=86.0.4240.193)&#10;For documentation on this error, please visit: https://www.seleniumhq.org/exceptions/no_such_element.html&#10;Build info: version: '3.141.59', revision: 'e82be7d358', time: '2018-11-14T08:17:03'&#10;System info: host: 'LAPTOP-GIHN8273', ip: '192.168.0.34', os.name: 'Windows 10', os.arch: 'amd64', os.version: '10.0', java.version: '1.8.0_241'&#10;Driver info: org.openqa.selenium.chrome.ChromeDriver&#10;Capabilities {acceptInsecureCerts: false, browserName: chrome, browserVersion: 86.0.4240.193, chrome: {chromedriverVersion: 86.0.4240.22 (398b0743353ff..., userDataDir: C:\Users\TTR\AppData\Local\...}, goog:chromeOptions: {debuggerAddress: localhost:61339}, javascriptEnabled: true, networkConnectionEnabled: false, pageLoadStrategy: normal, platform: WINDOWS, platformName: WINDOWS, proxy: Proxy(), setWindowRect: true, strictFileInteractability: false, timeouts: {implicit: 0, pageLoad: 300000, script: 30000}, unhandledPromptBehavior: dismiss and notify, webauthn:virtualAuthenticators: true}&#10;Session ID: f13466289e98d2d86ffdeb2200a11cdb&#10;*** Element info: {Using=xpath, value=//span[.='Sign in']}" type="org.openqa.selenium.NoSuchElementException"><![CDATA[Given user enters gmibank homepage..........................................passed
And user clicks userEntry icon..............................................passed
And user clicks signIn link.................................................failed
And user enters admin username "karak"......................................skipped
And user enters admin password "DJabc21"....................................skipped
And user clicks signIn button...............................................skipped
Then user clicks myOperations link..........................................skipped
Given user clicks manageCustomers link......................................skipped
And user clicks createANewCustomer link.....................................skipped
And user customer send a date "12122020" and click tab......................skipped
And user customer send a time "1000" and user click tab.....................skipped
And user customer click tab.................................................skipped
And user customer verifies valid data entry to Create Date box..............skipped
Then user signOut from Website..............................................skipped

StackTrace:
org.openqa.selenium.NoSuchElementException: no such element: Unable to locate element: {"method":"xpath","selector":"//span[.='Sign in']"}
  (Session info: chrome=86.0.4240.193)
For documentation on this error, please visit: https://www.seleniumhq.org/exceptions/no_such_element.html
Build info: version: '3.141.59', revision: 'e82be7d358', time: '2018-11-14T08:17:03'
System info: host: 'LAPTOP-GIHN8273', ip: '192.168.0.34', os.name: 'Windows 10', os.arch: 'amd64', os.version: '10.0', java.version: '1.8.0_241'
Driver info: org.openqa.selenium.chrome.ChromeDriver
Capabilities {acceptInsecureCerts: false, browserName: chrome, browserVersion: 86.0.4240.193, chrome: {chromedriverVersion: 86.0.4240.22 (398b0743353ff..., userDataDir: C:\Users\TTR\AppData\Local\...}, goog:chromeOptions: {debuggerAddress: localhost:61339}, javascriptEnabled: true, networkConnectionEnabled: false, pageLoadStrategy: normal, platform: WINDOWS, platformName: WINDOWS, proxy: Proxy(), setWindowRect: true, strictFileInteractability: false, timeouts: {implicit: 0, pageLoad: 300000, script: 30000}, unhandledPromptBehavior: dismiss and notify, webauthn:virtualAuthenticators: true}
Session ID: f13466289e98d2d86ffdeb2200a11cdb
*** Element info: {Using=xpath, value=//span[.='Sign in']}
	at sun.reflect.NativeConstructorAccessorImpl.newInstance0(Native Method)
	at sun.reflect.NativeConstructorAccessorImpl.newInstance(NativeConstructorAccessorImpl.java:62)
	at sun.reflect.DelegatingConstructorAccessorImpl.newInstance(DelegatingConstructorAccessorImpl.java:45)
	at java.lang.reflect.Constructor.newInstance(Constructor.java:423)
	at org.openqa.selenium.remote.http.W3CHttpResponseCodec.createException(W3CHttpResponseCodec.java:187)
	at org.openqa.selenium.remote.http.W3CHttpResponseCodec.decode(W3CHttpResponseCodec.java:122)
	at org.openqa.selenium.remote.http.W3CHttpResponseCodec.decode(W3CHttpResponseCodec.java:49)
	at org.openqa.selenium.remote.HttpCommandExecutor.execute(HttpCommandExecutor.java:158)
	at org.openqa.selenium.remote.service.DriverCommandExecutor.execute(DriverCommandExecutor.java:83)
	at org.openqa.selenium.remote.RemoteWebDriver.execute(RemoteWebDriver.java:552)
	at org.openqa.selenium.remote.RemoteWebDriver.findElement(RemoteWebDriver.java:323)
	at org.openqa.selenium.remote.RemoteWebDriver.findElementByXPath(RemoteWebDriver.java:428)
	at org.openqa.selenium.By$ByXPath.findElement(By.java:353)
	at org.openqa.selenium.remote.RemoteWebDriver.findElement(RemoteWebDriver.java:315)
	at org.openqa.selenium.support.pagefactory.DefaultElementLocator.findElement(DefaultElementLocator.java:69)
	at org.openqa.selenium.support.pagefactory.internal.LocatingElementHandler.invoke(LocatingElementHandler.java:38)
	at com.sun.proxy.$Proxy17.click(Unknown Source)
	at gmibank.stepdefinitions.US_10_Step_Definitions.user_clicks_signIn_link(US_10_Step_Definitions.java:21)
	at ✽.user clicks signIn link(file:///C:/Users/TTR/IdeaProjects/gmibankproject/src/test/resources/features/us_14.feature:7)
]]></failure>
</testcase>
<testcase classname="US14 tests" name="TC1404 manage customers user selection positive test" time="13.105">
<failure message="no such element: Unable to locate element: {&quot;method&quot;:&quot;xpath&quot;,&quot;selector&quot;:&quot;//span[.='Sign in']&quot;}&#10;  (Session info: chrome=86.0.4240.193)&#10;For documentation on this error, please visit: https://www.seleniumhq.org/exceptions/no_such_element.html&#10;Build info: version: '3.141.59', revision: 'e82be7d358', time: '2018-11-14T08:17:03'&#10;System info: host: 'LAPTOP-GIHN8273', ip: '192.168.0.34', os.name: 'Windows 10', os.arch: 'amd64', os.version: '10.0', java.version: '1.8.0_241'&#10;Driver info: org.openqa.selenium.chrome.ChromeDriver&#10;Capabilities {acceptInsecureCerts: false, browserName: chrome, browserVersion: 86.0.4240.193, chrome: {chromedriverVersion: 86.0.4240.22 (398b0743353ff..., userDataDir: C:\Users\TTR\AppData\Local\...}, goog:chromeOptions: {debuggerAddress: localhost:61339}, javascriptEnabled: true, networkConnectionEnabled: false, pageLoadStrategy: normal, platform: WINDOWS, platformName: WINDOWS, proxy: Proxy(), setWindowRect: true, strictFileInteractability: false, timeouts: {implicit: 0, pageLoad: 300000, script: 30000}, unhandledPromptBehavior: dismiss and notify, webauthn:virtualAuthenticators: true}&#10;Session ID: f13466289e98d2d86ffdeb2200a11cdb&#10;*** Element info: {Using=xpath, value=//span[.='Sign in']}" type="org.openqa.selenium.NoSuchElementException"><![CDATA[Given user enters gmibank homepage..........................................passed
And user clicks userEntry icon..............................................passed
And user clicks signIn link.................................................failed
And user enters admin username "karak"......................................skipped
And user enters admin password "DJabc21"....................................skipped
And user clicks signIn button...............................................skipped
Then user clicks myOperations link..........................................skipped
Given user clicks manageCustomers link......................................skipped
And user clicks createANewCustomer link.....................................skipped
And user customer click user box and select a user..........................skipped
And user customer verifies valid selection of user..........................skipped
Then user signOut from Website..............................................skipped

StackTrace:
org.openqa.selenium.NoSuchElementException: no such element: Unable to locate element: {"method":"xpath","selector":"//span[.='Sign in']"}
  (Session info: chrome=86.0.4240.193)
For documentation on this error, please visit: https://www.seleniumhq.org/exceptions/no_such_element.html
Build info: version: '3.141.59', revision: 'e82be7d358', time: '2018-11-14T08:17:03'
System info: host: 'LAPTOP-GIHN8273', ip: '192.168.0.34', os.name: 'Windows 10', os.arch: 'amd64', os.version: '10.0', java.version: '1.8.0_241'
Driver info: org.openqa.selenium.chrome.ChromeDriver
Capabilities {acceptInsecureCerts: false, browserName: chrome, browserVersion: 86.0.4240.193, chrome: {chromedriverVersion: 86.0.4240.22 (398b0743353ff..., userDataDir: C:\Users\TTR\AppData\Local\...}, goog:chromeOptions: {debuggerAddress: localhost:61339}, javascriptEnabled: true, networkConnectionEnabled: false, pageLoadStrategy: normal, platform: WINDOWS, platformName: WINDOWS, proxy: Proxy(), setWindowRect: true, strictFileInteractability: false, timeouts: {implicit: 0, pageLoad: 300000, script: 30000}, unhandledPromptBehavior: dismiss and notify, webauthn:virtualAuthenticators: true}
Session ID: f13466289e98d2d86ffdeb2200a11cdb
*** Element info: {Using=xpath, value=//span[.='Sign in']}
	at sun.reflect.NativeConstructorAccessorImpl.newInstance0(Native Method)
	at sun.reflect.NativeConstructorAccessorImpl.newInstance(NativeConstructorAccessorImpl.java:62)
	at sun.reflect.DelegatingConstructorAccessorImpl.newInstance(DelegatingConstructorAccessorImpl.java:45)
	at java.lang.reflect.Constructor.newInstance(Constructor.java:423)
	at org.openqa.selenium.remote.http.W3CHttpResponseCodec.createException(W3CHttpResponseCodec.java:187)
	at org.openqa.selenium.remote.http.W3CHttpResponseCodec.decode(W3CHttpResponseCodec.java:122)
	at org.openqa.selenium.remote.http.W3CHttpResponseCodec.decode(W3CHttpResponseCodec.java:49)
	at org.openqa.selenium.remote.HttpCommandExecutor.execute(HttpCommandExecutor.java:158)
	at org.openqa.selenium.remote.service.DriverCommandExecutor.execute(DriverCommandExecutor.java:83)
	at org.openqa.selenium.remote.RemoteWebDriver.execute(RemoteWebDriver.java:552)
	at org.openqa.selenium.remote.RemoteWebDriver.findElement(RemoteWebDriver.java:323)
	at org.openqa.selenium.remote.RemoteWebDriver.findElementByXPath(RemoteWebDriver.java:428)
	at org.openqa.selenium.By$ByXPath.findElement(By.java:353)
	at org.openqa.selenium.remote.RemoteWebDriver.findElement(RemoteWebDriver.java:315)
	at org.openqa.selenium.support.pagefactory.DefaultElementLocator.findElement(DefaultElementLocator.java:69)
	at org.openqa.selenium.support.pagefactory.internal.LocatingElementHandler.invoke(LocatingElementHandler.java:38)
	at com.sun.proxy.$Proxy17.click(Unknown Source)
	at gmibank.stepdefinitions.US_10_Step_Definitions.user_clicks_signIn_link(US_10_Step_Definitions.java:21)
	at ✽.user clicks signIn link(file:///C:/Users/TTR/IdeaProjects/gmibankproject/src/test/resources/features/us_14.feature:7)
]]></failure>
</testcase>
<testcase classname="US14 tests" name="TC1405 manage customers Zelle box selection test" time="13.042">
<failure message="no such element: Unable to locate element: {&quot;method&quot;:&quot;xpath&quot;,&quot;selector&quot;:&quot;//span[.='Sign in']&quot;}&#10;  (Session info: chrome=86.0.4240.193)&#10;For documentation on this error, please visit: https://www.seleniumhq.org/exceptions/no_such_element.html&#10;Build info: version: '3.141.59', revision: 'e82be7d358', time: '2018-11-14T08:17:03'&#10;System info: host: 'LAPTOP-GIHN8273', ip: '192.168.0.34', os.name: 'Windows 10', os.arch: 'amd64', os.version: '10.0', java.version: '1.8.0_241'&#10;Driver info: org.openqa.selenium.chrome.ChromeDriver&#10;Capabilities {acceptInsecureCerts: false, browserName: chrome, browserVersion: 86.0.4240.193, chrome: {chromedriverVersion: 86.0.4240.22 (398b0743353ff..., userDataDir: C:\Users\TTR\AppData\Local\...}, goog:chromeOptions: {debuggerAddress: localhost:61339}, javascriptEnabled: true, networkConnectionEnabled: false, pageLoadStrategy: normal, platform: WINDOWS, platformName: WINDOWS, proxy: Proxy(), setWindowRect: true, strictFileInteractability: false, timeouts: {implicit: 0, pageLoad: 300000, script: 30000}, unhandledPromptBehavior: dismiss and notify, webauthn:virtualAuthenticators: true}&#10;Session ID: f13466289e98d2d86ffdeb2200a11cdb&#10;*** Element info: {Using=xpath, value=//span[.='Sign in']}" type="org.openqa.selenium.NoSuchElementException"><![CDATA[Given user enters gmibank homepage..........................................passed
And user clicks userEntry icon..............................................passed
And user clicks signIn link.................................................failed
And user enters admin username "karak"......................................skipped
And user enters admin password "DJabc21"....................................skipped
And user clicks signIn button...............................................skipped
Then user clicks myOperations link..........................................skipped
Given user clicks manageCustomers link......................................skipped
And user clicks createANewCustomer link.....................................skipped
And user customer click Zelle Enrolled box..................................skipped
And user customer verifies that there is no allert message related to Zelle box.skipped
Then user signOut from Website..............................................skipped

StackTrace:
org.openqa.selenium.NoSuchElementException: no such element: Unable to locate element: {"method":"xpath","selector":"//span[.='Sign in']"}
  (Session info: chrome=86.0.4240.193)
For documentation on this error, please visit: https://www.seleniumhq.org/exceptions/no_such_element.html
Build info: version: '3.141.59', revision: 'e82be7d358', time: '2018-11-14T08:17:03'
System info: host: 'LAPTOP-GIHN8273', ip: '192.168.0.34', os.name: 'Windows 10', os.arch: 'amd64', os.version: '10.0', java.version: '1.8.0_241'
Driver info: org.openqa.selenium.chrome.ChromeDriver
Capabilities {acceptInsecureCerts: false, browserName: chrome, browserVersion: 86.0.4240.193, chrome: {chromedriverVersion: 86.0.4240.22 (398b0743353ff..., userDataDir: C:\Users\TTR\AppData\Local\...}, goog:chromeOptions: {debuggerAddress: localhost:61339}, javascriptEnabled: true, networkConnectionEnabled: false, pageLoadStrategy: normal, platform: WINDOWS, platformName: WINDOWS, proxy: Proxy(), setWindowRect: true, strictFileInteractability: false, timeouts: {implicit: 0, pageLoad: 300000, script: 30000}, unhandledPromptBehavior: dismiss and notify, webauthn:virtualAuthenticators: true}
Session ID: f13466289e98d2d86ffdeb2200a11cdb
*** Element info: {Using=xpath, value=//span[.='Sign in']}
	at sun.reflect.NativeConstructorAccessorImpl.newInstance0(Native Method)
	at sun.reflect.NativeConstructorAccessorImpl.newInstance(NativeConstructorAccessorImpl.java:62)
	at sun.reflect.DelegatingConstructorAccessorImpl.newInstance(DelegatingConstructorAccessorImpl.java:45)
	at java.lang.reflect.Constructor.newInstance(Constructor.java:423)
	at org.openqa.selenium.remote.http.W3CHttpResponseCodec.createException(W3CHttpResponseCodec.java:187)
	at org.openqa.selenium.remote.http.W3CHttpResponseCodec.decode(W3CHttpResponseCodec.java:122)
	at org.openqa.selenium.remote.http.W3CHttpResponseCodec.decode(W3CHttpResponseCodec.java:49)
	at org.openqa.selenium.remote.HttpCommandExecutor.execute(HttpCommandExecutor.java:158)
	at org.openqa.selenium.remote.service.DriverCommandExecutor.execute(DriverCommandExecutor.java:83)
	at org.openqa.selenium.remote.RemoteWebDriver.execute(RemoteWebDriver.java:552)
	at org.openqa.selenium.remote.RemoteWebDriver.findElement(RemoteWebDriver.java:323)
	at org.openqa.selenium.remote.RemoteWebDriver.findElementByXPath(RemoteWebDriver.java:428)
	at org.openqa.selenium.By$ByXPath.findElement(By.java:353)
	at org.openqa.selenium.remote.RemoteWebDriver.findElement(RemoteWebDriver.java:315)
	at org.openqa.selenium.support.pagefactory.DefaultElementLocator.findElement(DefaultElementLocator.java:69)
	at org.openqa.selenium.support.pagefactory.internal.LocatingElementHandler.invoke(LocatingElementHandler.java:38)
	at com.sun.proxy.$Proxy17.click(Unknown Source)
	at gmibank.stepdefinitions.US_10_Step_Definitions.user_clicks_signIn_link(US_10_Step_Definitions.java:21)
	at ✽.user clicks signIn link(file:///C:/Users/TTR/IdeaProjects/gmibankproject/src/test/resources/features/us_14.feature:7)
]]></failure>
</testcase>
<testcase classname="System should allow user to manage their account" name="User should see all account types and balace populated" time="13.168">
<failure message="no such element: Unable to locate element: {&quot;method&quot;:&quot;xpath&quot;,&quot;selector&quot;:&quot;//span[.='Sign in']&quot;}&#10;  (Session info: chrome=86.0.4240.193)&#10;For documentation on this error, please visit: https://www.seleniumhq.org/exceptions/no_such_element.html&#10;Build info: version: '3.141.59', revision: 'e82be7d358', time: '2018-11-14T08:17:03'&#10;System info: host: 'LAPTOP-GIHN8273', ip: '192.168.0.34', os.name: 'Windows 10', os.arch: 'amd64', os.version: '10.0', java.version: '1.8.0_241'&#10;Driver info: org.openqa.selenium.chrome.ChromeDriver&#10;Capabilities {acceptInsecureCerts: false, browserName: chrome, browserVersion: 86.0.4240.193, chrome: {chromedriverVersion: 86.0.4240.22 (398b0743353ff..., userDataDir: C:\Users\TTR\AppData\Local\...}, goog:chromeOptions: {debuggerAddress: localhost:61339}, javascriptEnabled: true, networkConnectionEnabled: false, pageLoadStrategy: normal, platform: WINDOWS, platformName: WINDOWS, proxy: Proxy(), setWindowRect: true, strictFileInteractability: false, timeouts: {implicit: 0, pageLoad: 300000, script: 30000}, unhandledPromptBehavior: dismiss and notify, webauthn:virtualAuthenticators: true}&#10;Session ID: f13466289e98d2d86ffdeb2200a11cdb&#10;*** Element info: {Using=xpath, value=//span[.='Sign in']}" type="org.openqa.selenium.NoSuchElementException"><![CDATA[Given user enters gmibank homepage..........................................passed
Then user clicks userEntry icon.............................................passed
Then user clicks signIn link................................................failed
Then user enters admin username "vivi"......................................skipped
Then user enters admin password "Betul2015."................................skipped
Then user clicks signIn button..............................................skipped
Given user clicks myOperations link.........................................skipped
Given user clicks manage accounts...........................................skipped
Then can user see all account types and balace populated....................skipped
Then user signOut...........................................................skipped

StackTrace:
org.openqa.selenium.NoSuchElementException: no such element: Unable to locate element: {"method":"xpath","selector":"//span[.='Sign in']"}
  (Session info: chrome=86.0.4240.193)
For documentation on this error, please visit: https://www.seleniumhq.org/exceptions/no_such_element.html
Build info: version: '3.141.59', revision: 'e82be7d358', time: '2018-11-14T08:17:03'
System info: host: 'LAPTOP-GIHN8273', ip: '192.168.0.34', os.name: 'Windows 10', os.arch: 'amd64', os.version: '10.0', java.version: '1.8.0_241'
Driver info: org.openqa.selenium.chrome.ChromeDriver
Capabilities {acceptInsecureCerts: false, browserName: chrome, browserVersion: 86.0.4240.193, chrome: {chromedriverVersion: 86.0.4240.22 (398b0743353ff..., userDataDir: C:\Users\TTR\AppData\Local\...}, goog:chromeOptions: {debuggerAddress: localhost:61339}, javascriptEnabled: true, networkConnectionEnabled: false, pageLoadStrategy: normal, platform: WINDOWS, platformName: WINDOWS, proxy: Proxy(), setWindowRect: true, strictFileInteractability: false, timeouts: {implicit: 0, pageLoad: 300000, script: 30000}, unhandledPromptBehavior: dismiss and notify, webauthn:virtualAuthenticators: true}
Session ID: f13466289e98d2d86ffdeb2200a11cdb
*** Element info: {Using=xpath, value=//span[.='Sign in']}
	at sun.reflect.NativeConstructorAccessorImpl.newInstance0(Native Method)
	at sun.reflect.NativeConstructorAccessorImpl.newInstance(NativeConstructorAccessorImpl.java:62)
	at sun.reflect.DelegatingConstructorAccessorImpl.newInstance(DelegatingConstructorAccessorImpl.java:45)
	at java.lang.reflect.Constructor.newInstance(Constructor.java:423)
	at org.openqa.selenium.remote.http.W3CHttpResponseCodec.createException(W3CHttpResponseCodec.java:187)
	at org.openqa.selenium.remote.http.W3CHttpResponseCodec.decode(W3CHttpResponseCodec.java:122)
	at org.openqa.selenium.remote.http.W3CHttpResponseCodec.decode(W3CHttpResponseCodec.java:49)
	at org.openqa.selenium.remote.HttpCommandExecutor.execute(HttpCommandExecutor.java:158)
	at org.openqa.selenium.remote.service.DriverCommandExecutor.execute(DriverCommandExecutor.java:83)
	at org.openqa.selenium.remote.RemoteWebDriver.execute(RemoteWebDriver.java:552)
	at org.openqa.selenium.remote.RemoteWebDriver.findElement(RemoteWebDriver.java:323)
	at org.openqa.selenium.remote.RemoteWebDriver.findElementByXPath(RemoteWebDriver.java:428)
	at org.openqa.selenium.By$ByXPath.findElement(By.java:353)
	at org.openqa.selenium.remote.RemoteWebDriver.findElement(RemoteWebDriver.java:315)
	at org.openqa.selenium.support.pagefactory.DefaultElementLocator.findElement(DefaultElementLocator.java:69)
	at org.openqa.selenium.support.pagefactory.internal.LocatingElementHandler.invoke(LocatingElementHandler.java:38)
	at com.sun.proxy.$Proxy17.click(Unknown Source)
	at gmibank.stepdefinitions.US_10_Step_Definitions.user_clicks_signIn_link(US_10_Step_Definitions.java:21)
	at ✽.user clicks signIn link(file:///C:/Users/TTR/IdeaProjects/gmibankproject/src/test/resources/features/us_15.feature:7)
]]></failure>
</testcase>
<testcase classname="System should allow user to manage their account" name="User can view transaction" time="13.029">
<failure message="no such element: Unable to locate element: {&quot;method&quot;:&quot;xpath&quot;,&quot;selector&quot;:&quot;//span[.='Sign in']&quot;}&#10;  (Session info: chrome=86.0.4240.193)&#10;For documentation on this error, please visit: https://www.seleniumhq.org/exceptions/no_such_element.html&#10;Build info: version: '3.141.59', revision: 'e82be7d358', time: '2018-11-14T08:17:03'&#10;System info: host: 'LAPTOP-GIHN8273', ip: '192.168.0.34', os.name: 'Windows 10', os.arch: 'amd64', os.version: '10.0', java.version: '1.8.0_241'&#10;Driver info: org.openqa.selenium.chrome.ChromeDriver&#10;Capabilities {acceptInsecureCerts: false, browserName: chrome, browserVersion: 86.0.4240.193, chrome: {chromedriverVersion: 86.0.4240.22 (398b0743353ff..., userDataDir: C:\Users\TTR\AppData\Local\...}, goog:chromeOptions: {debuggerAddress: localhost:61339}, javascriptEnabled: true, networkConnectionEnabled: false, pageLoadStrategy: normal, platform: WINDOWS, platformName: WINDOWS, proxy: Proxy(), setWindowRect: true, strictFileInteractability: false, timeouts: {implicit: 0, pageLoad: 300000, script: 30000}, unhandledPromptBehavior: dismiss and notify, webauthn:virtualAuthenticators: true}&#10;Session ID: f13466289e98d2d86ffdeb2200a11cdb&#10;*** Element info: {Using=xpath, value=//span[.='Sign in']}" type="org.openqa.selenium.NoSuchElementException"><![CDATA[Given user enters gmibank homepage..........................................passed
Then user clicks userEntry icon.............................................passed
Then user clicks signIn link................................................failed
Then user enters admin username "vivi"......................................skipped
Then user enters admin password "Betul2015."................................skipped
Then user clicks signIn button..............................................skipped
Given user clicks myOperations link.........................................skipped
Given user clicks manage accounts...........................................skipped
Then can user see all transaction...........................................skipped
Then user signOut...........................................................skipped

StackTrace:
org.openqa.selenium.NoSuchElementException: no such element: Unable to locate element: {"method":"xpath","selector":"//span[.='Sign in']"}
  (Session info: chrome=86.0.4240.193)
For documentation on this error, please visit: https://www.seleniumhq.org/exceptions/no_such_element.html
Build info: version: '3.141.59', revision: 'e82be7d358', time: '2018-11-14T08:17:03'
System info: host: 'LAPTOP-GIHN8273', ip: '192.168.0.34', os.name: 'Windows 10', os.arch: 'amd64', os.version: '10.0', java.version: '1.8.0_241'
Driver info: org.openqa.selenium.chrome.ChromeDriver
Capabilities {acceptInsecureCerts: false, browserName: chrome, browserVersion: 86.0.4240.193, chrome: {chromedriverVersion: 86.0.4240.22 (398b0743353ff..., userDataDir: C:\Users\TTR\AppData\Local\...}, goog:chromeOptions: {debuggerAddress: localhost:61339}, javascriptEnabled: true, networkConnectionEnabled: false, pageLoadStrategy: normal, platform: WINDOWS, platformName: WINDOWS, proxy: Proxy(), setWindowRect: true, strictFileInteractability: false, timeouts: {implicit: 0, pageLoad: 300000, script: 30000}, unhandledPromptBehavior: dismiss and notify, webauthn:virtualAuthenticators: true}
Session ID: f13466289e98d2d86ffdeb2200a11cdb
*** Element info: {Using=xpath, value=//span[.='Sign in']}
	at sun.reflect.NativeConstructorAccessorImpl.newInstance0(Native Method)
	at sun.reflect.NativeConstructorAccessorImpl.newInstance(NativeConstructorAccessorImpl.java:62)
	at sun.reflect.DelegatingConstructorAccessorImpl.newInstance(DelegatingConstructorAccessorImpl.java:45)
	at java.lang.reflect.Constructor.newInstance(Constructor.java:423)
	at org.openqa.selenium.remote.http.W3CHttpResponseCodec.createException(W3CHttpResponseCodec.java:187)
	at org.openqa.selenium.remote.http.W3CHttpResponseCodec.decode(W3CHttpResponseCodec.java:122)
	at org.openqa.selenium.remote.http.W3CHttpResponseCodec.decode(W3CHttpResponseCodec.java:49)
	at org.openqa.selenium.remote.HttpCommandExecutor.execute(HttpCommandExecutor.java:158)
	at org.openqa.selenium.remote.service.DriverCommandExecutor.execute(DriverCommandExecutor.java:83)
	at org.openqa.selenium.remote.RemoteWebDriver.execute(RemoteWebDriver.java:552)
	at org.openqa.selenium.remote.RemoteWebDriver.findElement(RemoteWebDriver.java:323)
	at org.openqa.selenium.remote.RemoteWebDriver.findElementByXPath(RemoteWebDriver.java:428)
	at org.openqa.selenium.By$ByXPath.findElement(By.java:353)
	at org.openqa.selenium.remote.RemoteWebDriver.findElement(RemoteWebDriver.java:315)
	at org.openqa.selenium.support.pagefactory.DefaultElementLocator.findElement(DefaultElementLocator.java:69)
	at org.openqa.selenium.support.pagefactory.internal.LocatingElementHandler.invoke(LocatingElementHandler.java:38)
	at com.sun.proxy.$Proxy17.click(Unknown Source)
	at gmibank.stepdefinitions.US_10_Step_Definitions.user_clicks_signIn_link(US_10_Step_Definitions.java:21)
	at ✽.user clicks signIn link(file:///C:/Users/TTR/IdeaProjects/gmibankproject/src/test/resources/features/us_15.feature:7)
]]></failure>
</testcase>
</testsuite>
